[0.139s] DEBUG:colcon:Command line arguments: ['/usr/bin/colcon', 'build']
[0.139s] DEBUG:colcon:Parsed command line arguments: Namespace(log_base=None, log_level=None, verb_name='build', build_base='build', install_base='install', merge_install=False, symlink_install=False, test_result_base=None, continue_on_error=False, executor='parallel', parallel_workers=20, event_handlers=None, ignore_user_meta=False, metas=['./colcon.meta'], base_paths=['.'], packages_ignore=None, packages_ignore_regex=None, paths=None, packages_up_to=None, packages_up_to_regex=None, packages_above=None, packages_above_and_dependencies=None, packages_above_depth=None, packages_select_by_dep=None, packages_skip_by_dep=None, packages_skip_up_to=None, packages_select_build_failed=False, packages_skip_build_finished=False, packages_select_test_failures=False, packages_skip_test_passed=False, packages_select=None, packages_skip=None, packages_select_regex=None, packages_skip_regex=None, packages_start=None, packages_end=None, cmake_args=None, cmake_target=None, cmake_target_skip_unavailable=False, cmake_clean_cache=False, cmake_clean_first=False, cmake_force_configure=False, ament_cmake_args=None, catkin_cmake_args=None, catkin_skip_building_tests=False, verb_parser=<colcon_defaults.argument_parser.defaults.DefaultArgumentsDecorator object at 0x7f011fdb6240>, verb_extension=<colcon_core.verb.build.BuildVerb object at 0x7f011fdb5fa0>, main=<bound method BuildVerb.main of <colcon_core.verb.build.BuildVerb object at 0x7f011fdb5fa0>>)
[0.206s] Level 1:colcon.colcon_core.package_discovery:discover_packages(colcon_meta) check parameters
[0.206s] Level 1:colcon.colcon_core.package_discovery:discover_packages(recursive) check parameters
[0.206s] Level 1:colcon.colcon_core.package_discovery:discover_packages(ignore) check parameters
[0.206s] Level 1:colcon.colcon_core.package_discovery:discover_packages(path) check parameters
[0.206s] Level 1:colcon.colcon_core.package_discovery:discover_packages(colcon_meta) discover
[0.206s] Level 1:colcon.colcon_core.package_discovery:discover_packages(recursive) discover
[0.207s] INFO:colcon.colcon_core.package_discovery:Crawling recursively for packages in '/mnt/d/ROS2/ros2_ws'
[0.207s] Level 1:colcon.colcon_core.package_identification:_identify(.) by extensions ['ignore', 'ignore_ament_install']
[0.207s] Level 1:colcon.colcon_core.package_identification:_identify(.) by extension 'ignore'
[0.208s] Level 1:colcon.colcon_core.package_identification:_identify(.) by extension 'ignore_ament_install'
[0.208s] Level 1:colcon.colcon_core.package_identification:_identify(.) by extensions ['colcon_pkg']
[0.208s] Level 1:colcon.colcon_core.package_identification:_identify(.) by extension 'colcon_pkg'
[0.208s] Level 1:colcon.colcon_core.package_identification:_identify(.) by extensions ['colcon_meta']
[0.208s] Level 1:colcon.colcon_core.package_identification:_identify(.) by extension 'colcon_meta'
[0.208s] Level 1:colcon.colcon_core.package_identification:_identify(.) by extensions ['ros']
[0.208s] Level 1:colcon.colcon_core.package_identification:_identify(.) by extension 'ros'
[0.235s] Level 1:colcon.colcon_core.package_identification:_identify(.) by extensions ['cmake', 'python']
[0.236s] Level 1:colcon.colcon_core.package_identification:_identify(.) by extension 'cmake'
[0.236s] Level 1:colcon.colcon_core.package_identification:_identify(.) by extension 'python'
[0.236s] Level 1:colcon.colcon_core.package_identification:_identify(.) by extensions ['python_setup_py']
[0.236s] Level 1:colcon.colcon_core.package_identification:_identify(.) by extension 'python_setup_py'
[0.237s] Level 1:colcon.colcon_core.package_identification:_identify(build) by extensions ['ignore', 'ignore_ament_install']
[0.237s] Level 1:colcon.colcon_core.package_identification:_identify(build) by extension 'ignore'
[0.239s] Level 1:colcon.colcon_core.package_identification:_identify(build) ignored
[0.241s] Level 1:colcon.colcon_core.package_identification:_identify(cpp_pubsub) by extensions ['ignore', 'ignore_ament_install']
[0.241s] Level 1:colcon.colcon_core.package_identification:_identify(cpp_pubsub) by extension 'ignore'
[0.242s] Level 1:colcon.colcon_core.package_identification:_identify(cpp_pubsub) by extension 'ignore_ament_install'
[0.245s] Level 1:colcon.colcon_core.package_identification:_identify(cpp_pubsub) by extensions ['colcon_pkg']
[0.245s] Level 1:colcon.colcon_core.package_identification:_identify(cpp_pubsub) by extension 'colcon_pkg'
[0.247s] Level 1:colcon.colcon_core.package_identification:_identify(cpp_pubsub) by extensions ['colcon_meta']
[0.247s] Level 1:colcon.colcon_core.package_identification:_identify(cpp_pubsub) by extension 'colcon_meta'
[0.247s] Level 1:colcon.colcon_core.package_identification:_identify(cpp_pubsub) by extensions ['ros']
[0.248s] Level 1:colcon.colcon_core.package_identification:_identify(cpp_pubsub) by extension 'ros'
[0.257s] DEBUG:colcon.colcon_core.package_identification:Package 'cpp_pubsub' with type 'ros.ament_cmake' and name 'cpp_pubsub'
[0.260s] Level 1:colcon.colcon_core.package_identification:_identify(install) by extensions ['ignore', 'ignore_ament_install']
[0.260s] Level 1:colcon.colcon_core.package_identification:_identify(install) by extension 'ignore'
[0.260s] Level 1:colcon.colcon_core.package_identification:_identify(install) ignored
[0.263s] Level 1:colcon.colcon_core.package_identification:_identify(log) by extensions ['ignore', 'ignore_ament_install']
[0.263s] Level 1:colcon.colcon_core.package_identification:_identify(log) by extension 'ignore'
[0.264s] Level 1:colcon.colcon_core.package_identification:_identify(log) ignored
[0.266s] Level 1:colcon.colcon_core.package_identification:_identify(ros_tutorials) by extensions ['ignore', 'ignore_ament_install']
[0.266s] Level 1:colcon.colcon_core.package_identification:_identify(ros_tutorials) by extension 'ignore'
[0.266s] Level 1:colcon.colcon_core.package_identification:_identify(ros_tutorials) by extension 'ignore_ament_install'
[0.267s] Level 1:colcon.colcon_core.package_identification:_identify(ros_tutorials) by extensions ['colcon_pkg']
[0.267s] Level 1:colcon.colcon_core.package_identification:_identify(ros_tutorials) by extension 'colcon_pkg'
[0.268s] Level 1:colcon.colcon_core.package_identification:_identify(ros_tutorials) by extensions ['colcon_meta']
[0.268s] Level 1:colcon.colcon_core.package_identification:_identify(ros_tutorials) by extension 'colcon_meta'
[0.268s] Level 1:colcon.colcon_core.package_identification:_identify(ros_tutorials) by extensions ['ros']
[0.268s] Level 1:colcon.colcon_core.package_identification:_identify(ros_tutorials) by extension 'ros'
[0.270s] Level 1:colcon.colcon_core.package_identification:_identify(ros_tutorials) by extensions ['cmake', 'python']
[0.270s] Level 1:colcon.colcon_core.package_identification:_identify(ros_tutorials) by extension 'cmake'
[0.271s] Level 1:colcon.colcon_core.package_identification:_identify(ros_tutorials) by extension 'python'
[0.271s] Level 1:colcon.colcon_core.package_identification:_identify(ros_tutorials) by extensions ['python_setup_py']
[0.271s] Level 1:colcon.colcon_core.package_identification:_identify(ros_tutorials) by extension 'python_setup_py'
[0.274s] Level 1:colcon.colcon_core.package_identification:_identify(ros_tutorials/turtlesim) by extensions ['ignore', 'ignore_ament_install']
[0.274s] Level 1:colcon.colcon_core.package_identification:_identify(ros_tutorials/turtlesim) by extension 'ignore'
[0.274s] Level 1:colcon.colcon_core.package_identification:_identify(ros_tutorials/turtlesim) by extension 'ignore_ament_install'
[0.275s] Level 1:colcon.colcon_core.package_identification:_identify(ros_tutorials/turtlesim) by extensions ['colcon_pkg']
[0.276s] Level 1:colcon.colcon_core.package_identification:_identify(ros_tutorials/turtlesim) by extension 'colcon_pkg'
[0.276s] Level 1:colcon.colcon_core.package_identification:_identify(ros_tutorials/turtlesim) by extensions ['colcon_meta']
[0.276s] Level 1:colcon.colcon_core.package_identification:_identify(ros_tutorials/turtlesim) by extension 'colcon_meta'
[0.277s] Level 1:colcon.colcon_core.package_identification:_identify(ros_tutorials/turtlesim) by extensions ['ros']
[0.277s] Level 1:colcon.colcon_core.package_identification:_identify(ros_tutorials/turtlesim) by extension 'ros'
[0.284s] DEBUG:colcon.colcon_core.package_identification:Package 'ros_tutorials/turtlesim' with type 'ros.ament_cmake' and name 'turtlesim'
[0.285s] Level 1:colcon.colcon_core.package_identification:_identify(src) by extensions ['ignore', 'ignore_ament_install']
[0.285s] Level 1:colcon.colcon_core.package_identification:_identify(src) by extension 'ignore'
[0.285s] Level 1:colcon.colcon_core.package_identification:_identify(src) by extension 'ignore_ament_install'
[0.286s] Level 1:colcon.colcon_core.package_identification:_identify(src) by extensions ['colcon_pkg']
[0.286s] Level 1:colcon.colcon_core.package_identification:_identify(src) by extension 'colcon_pkg'
[0.286s] Level 1:colcon.colcon_core.package_identification:_identify(src) by extensions ['colcon_meta']
[0.287s] Level 1:colcon.colcon_core.package_identification:_identify(src) by extension 'colcon_meta'
[0.287s] Level 1:colcon.colcon_core.package_identification:_identify(src) by extensions ['ros']
[0.287s] Level 1:colcon.colcon_core.package_identification:_identify(src) by extension 'ros'
[0.289s] Level 1:colcon.colcon_core.package_identification:_identify(src) by extensions ['cmake', 'python']
[0.289s] Level 1:colcon.colcon_core.package_identification:_identify(src) by extension 'cmake'
[0.289s] Level 1:colcon.colcon_core.package_identification:_identify(src) by extension 'python'
[0.290s] Level 1:colcon.colcon_core.package_identification:_identify(src) by extensions ['python_setup_py']
[0.290s] Level 1:colcon.colcon_core.package_identification:_identify(src) by extension 'python_setup_py'
[0.292s] Level 1:colcon.colcon_core.package_identification:_identify(src/p603_description) by extensions ['ignore', 'ignore_ament_install']
[0.292s] Level 1:colcon.colcon_core.package_identification:_identify(src/p603_description) by extension 'ignore'
[0.293s] Level 1:colcon.colcon_core.package_identification:_identify(src/p603_description) by extension 'ignore_ament_install'
[0.294s] Level 1:colcon.colcon_core.package_identification:_identify(src/p603_description) by extensions ['colcon_pkg']
[0.294s] Level 1:colcon.colcon_core.package_identification:_identify(src/p603_description) by extension 'colcon_pkg'
[0.295s] Level 1:colcon.colcon_core.package_identification:_identify(src/p603_description) by extensions ['colcon_meta']
[0.295s] Level 1:colcon.colcon_core.package_identification:_identify(src/p603_description) by extension 'colcon_meta'
[0.296s] Level 1:colcon.colcon_core.package_identification:_identify(src/p603_description) by extensions ['ros']
[0.296s] Level 1:colcon.colcon_core.package_identification:_identify(src/p603_description) by extension 'ros'
[0.302s] DEBUG:colcon.colcon_core.package_identification:Package 'src/p603_description' with type 'ros.ament_cmake' and name 'p603_description'
[0.302s] Level 1:colcon.colcon_core.package_discovery:discover_packages(recursive) using defaults
[0.302s] Level 1:colcon.colcon_core.package_discovery:discover_packages(ignore) discover
[0.303s] Level 1:colcon.colcon_core.package_discovery:discover_packages(ignore) using defaults
[0.303s] Level 1:colcon.colcon_core.package_discovery:discover_packages(path) discover
[0.303s] Level 1:colcon.colcon_core.package_discovery:discover_packages(path) using defaults
[0.329s] Level 5:colcon.colcon_core.verb:set package 'cpp_pubsub' build argument 'cmake_args' from command line to 'None'
[0.329s] Level 5:colcon.colcon_core.verb:set package 'cpp_pubsub' build argument 'cmake_target' from command line to 'None'
[0.330s] Level 5:colcon.colcon_core.verb:set package 'cpp_pubsub' build argument 'cmake_target_skip_unavailable' from command line to 'False'
[0.330s] Level 5:colcon.colcon_core.verb:set package 'cpp_pubsub' build argument 'cmake_clean_cache' from command line to 'False'
[0.330s] Level 5:colcon.colcon_core.verb:set package 'cpp_pubsub' build argument 'cmake_clean_first' from command line to 'False'
[0.330s] Level 5:colcon.colcon_core.verb:set package 'cpp_pubsub' build argument 'cmake_force_configure' from command line to 'False'
[0.330s] Level 5:colcon.colcon_core.verb:set package 'cpp_pubsub' build argument 'ament_cmake_args' from command line to 'None'
[0.330s] Level 5:colcon.colcon_core.verb:set package 'cpp_pubsub' build argument 'catkin_cmake_args' from command line to 'None'
[0.330s] Level 5:colcon.colcon_core.verb:set package 'cpp_pubsub' build argument 'catkin_skip_building_tests' from command line to 'False'
[0.330s] DEBUG:colcon.colcon_core.verb:Building package 'cpp_pubsub' with the following arguments: {'ament_cmake_args': None, 'build_base': '/mnt/d/ROS2/ros2_ws/build/cpp_pubsub', 'catkin_cmake_args': None, 'catkin_skip_building_tests': False, 'cmake_args': None, 'cmake_clean_cache': False, 'cmake_clean_first': False, 'cmake_force_configure': False, 'cmake_target': None, 'cmake_target_skip_unavailable': False, 'install_base': '/mnt/d/ROS2/ros2_ws/install/cpp_pubsub', 'merge_install': False, 'path': '/mnt/d/ROS2/ros2_ws/cpp_pubsub', 'symlink_install': False, 'test_result_base': None}
[0.330s] Level 5:colcon.colcon_core.verb:set package 'p603_description' build argument 'cmake_args' from command line to 'None'
[0.330s] Level 5:colcon.colcon_core.verb:set package 'p603_description' build argument 'cmake_target' from command line to 'None'
[0.331s] Level 5:colcon.colcon_core.verb:set package 'p603_description' build argument 'cmake_target_skip_unavailable' from command line to 'False'
[0.331s] Level 5:colcon.colcon_core.verb:set package 'p603_description' build argument 'cmake_clean_cache' from command line to 'False'
[0.331s] Level 5:colcon.colcon_core.verb:set package 'p603_description' build argument 'cmake_clean_first' from command line to 'False'
[0.331s] Level 5:colcon.colcon_core.verb:set package 'p603_description' build argument 'cmake_force_configure' from command line to 'False'
[0.331s] Level 5:colcon.colcon_core.verb:set package 'p603_description' build argument 'ament_cmake_args' from command line to 'None'
[0.331s] Level 5:colcon.colcon_core.verb:set package 'p603_description' build argument 'catkin_cmake_args' from command line to 'None'
[0.331s] Level 5:colcon.colcon_core.verb:set package 'p603_description' build argument 'catkin_skip_building_tests' from command line to 'False'
[0.331s] DEBUG:colcon.colcon_core.verb:Building package 'p603_description' with the following arguments: {'ament_cmake_args': None, 'build_base': '/mnt/d/ROS2/ros2_ws/build/p603_description', 'catkin_cmake_args': None, 'catkin_skip_building_tests': False, 'cmake_args': None, 'cmake_clean_cache': False, 'cmake_clean_first': False, 'cmake_force_configure': False, 'cmake_target': None, 'cmake_target_skip_unavailable': False, 'install_base': '/mnt/d/ROS2/ros2_ws/install/p603_description', 'merge_install': False, 'path': '/mnt/d/ROS2/ros2_ws/src/p603_description', 'symlink_install': False, 'test_result_base': None}
[0.331s] Level 5:colcon.colcon_core.verb:set package 'turtlesim' build argument 'cmake_args' from command line to 'None'
[0.331s] Level 5:colcon.colcon_core.verb:set package 'turtlesim' build argument 'cmake_target' from command line to 'None'
[0.332s] Level 5:colcon.colcon_core.verb:set package 'turtlesim' build argument 'cmake_target_skip_unavailable' from command line to 'False'
[0.332s] Level 5:colcon.colcon_core.verb:set package 'turtlesim' build argument 'cmake_clean_cache' from command line to 'False'
[0.332s] Level 5:colcon.colcon_core.verb:set package 'turtlesim' build argument 'cmake_clean_first' from command line to 'False'
[0.332s] Level 5:colcon.colcon_core.verb:set package 'turtlesim' build argument 'cmake_force_configure' from command line to 'False'
[0.332s] Level 5:colcon.colcon_core.verb:set package 'turtlesim' build argument 'ament_cmake_args' from command line to 'None'
[0.332s] Level 5:colcon.colcon_core.verb:set package 'turtlesim' build argument 'catkin_cmake_args' from command line to 'None'
[0.332s] Level 5:colcon.colcon_core.verb:set package 'turtlesim' build argument 'catkin_skip_building_tests' from command line to 'False'
[0.332s] DEBUG:colcon.colcon_core.verb:Building package 'turtlesim' with the following arguments: {'ament_cmake_args': None, 'build_base': '/mnt/d/ROS2/ros2_ws/build/turtlesim', 'catkin_cmake_args': None, 'catkin_skip_building_tests': False, 'cmake_args': None, 'cmake_clean_cache': False, 'cmake_clean_first': False, 'cmake_force_configure': False, 'cmake_target': None, 'cmake_target_skip_unavailable': False, 'install_base': '/mnt/d/ROS2/ros2_ws/install/turtlesim', 'merge_install': False, 'path': '/mnt/d/ROS2/ros2_ws/ros_tutorials/turtlesim', 'symlink_install': False, 'test_result_base': None}
[0.332s] INFO:colcon.colcon_core.executor:Executing jobs using 'parallel' executor
[0.333s] DEBUG:colcon.colcon_parallel_executor.executor.parallel:run_until_complete
[0.333s] INFO:colcon.colcon_ros.task.ament_cmake.build:Building ROS package in '/mnt/d/ROS2/ros2_ws/cpp_pubsub' with build type 'ament_cmake'
[0.333s] INFO:colcon.colcon_cmake.task.cmake.build:Building CMake package in '/mnt/d/ROS2/ros2_ws/cpp_pubsub'
[0.338s] INFO:colcon.colcon_core.plugin_system:Skipping extension 'colcon_core.shell.bat': Not used on non-Windows systems
[0.338s] DEBUG:colcon.colcon_core.shell:Skip shell extension 'dsv' for command environment
[0.347s] INFO:colcon.colcon_ros.task.ament_cmake.build:Building ROS package in '/mnt/d/ROS2/ros2_ws/src/p603_description' with build type 'ament_cmake'
[0.347s] INFO:colcon.colcon_cmake.task.cmake.build:Building CMake package in '/mnt/d/ROS2/ros2_ws/src/p603_description'
[0.348s] DEBUG:colcon.colcon_core.shell:Skip shell extension 'dsv' for command environment
[0.353s] INFO:colcon.colcon_ros.task.ament_cmake.build:Building ROS package in '/mnt/d/ROS2/ros2_ws/ros_tutorials/turtlesim' with build type 'ament_cmake'
[0.353s] INFO:colcon.colcon_cmake.task.cmake.build:Building CMake package in '/mnt/d/ROS2/ros2_ws/ros_tutorials/turtlesim'
[0.354s] DEBUG:colcon.colcon_core.shell:Skip shell extension 'dsv' for command environment
[0.388s] DEBUG:colcon.colcon_core.event_handler.log_command:Invoking command in '/mnt/d/ROS2/ros2_ws/build/cpp_pubsub': CMAKE_PREFIX_PATH=${CMAKE_PREFIX_PATH}:/opt/ros/jazzy /usr/bin/cmake /mnt/d/ROS2/ros2_ws/cpp_pubsub -DCMAKE_INSTALL_PREFIX=/mnt/d/ROS2/ros2_ws/install/cpp_pubsub
[0.408s] DEBUG:colcon.colcon_core.event_handler.log_command:Invoking command in '/mnt/d/ROS2/ros2_ws/build/p603_description': CMAKE_PREFIX_PATH=${CMAKE_PREFIX_PATH}:/opt/ros/jazzy /usr/bin/cmake /mnt/d/ROS2/ros2_ws/src/p603_description -DCMAKE_INSTALL_PREFIX=/mnt/d/ROS2/ros2_ws/install/p603_description
[0.436s] DEBUG:colcon.colcon_core.event_handler.log_command:Invoking command in '/mnt/d/ROS2/ros2_ws/build/turtlesim': CMAKE_PREFIX_PATH=${CMAKE_PREFIX_PATH}:/opt/ros/jazzy /usr/bin/cmake /mnt/d/ROS2/ros2_ws/ros_tutorials/turtlesim -DCMAKE_INSTALL_PREFIX=/mnt/d/ROS2/ros2_ws/install/turtlesim
[4.465s] DEBUG:colcon.colcon_core.event_handler.log_command:Invoked command in '/mnt/d/ROS2/ros2_ws/build/cpp_pubsub' returned '0': CMAKE_PREFIX_PATH=${CMAKE_PREFIX_PATH}:/opt/ros/jazzy /usr/bin/cmake /mnt/d/ROS2/ros2_ws/cpp_pubsub -DCMAKE_INSTALL_PREFIX=/mnt/d/ROS2/ros2_ws/install/cpp_pubsub
[4.470s] DEBUG:colcon.colcon_core.event_handler.log_command:Invoking command in '/mnt/d/ROS2/ros2_ws/build/cpp_pubsub': CMAKE_PREFIX_PATH=${CMAKE_PREFIX_PATH}:/opt/ros/jazzy /usr/bin/cmake --build /mnt/d/ROS2/ros2_ws/build/cpp_pubsub -- -j20 -l20
[4.537s] DEBUG:colcon.colcon_core.event_handler.log_command:Invoked command in '/mnt/d/ROS2/ros2_ws/build/cpp_pubsub' returned '0': CMAKE_PREFIX_PATH=${CMAKE_PREFIX_PATH}:/opt/ros/jazzy /usr/bin/cmake --build /mnt/d/ROS2/ros2_ws/build/cpp_pubsub -- -j20 -l20
[4.551s] DEBUG:colcon.colcon_core.event_handler.log_command:Invoking command in '/mnt/d/ROS2/ros2_ws/build/cpp_pubsub': CMAKE_PREFIX_PATH=${CMAKE_PREFIX_PATH}:/opt/ros/jazzy /usr/bin/cmake --install /mnt/d/ROS2/ros2_ws/build/cpp_pubsub
[4.892s] DEBUG:colcon.colcon_core.event_handler.log_command:Invoked command in '/mnt/d/ROS2/ros2_ws/build/p603_description' returned '0': CMAKE_PREFIX_PATH=${CMAKE_PREFIX_PATH}:/opt/ros/jazzy /usr/bin/cmake /mnt/d/ROS2/ros2_ws/src/p603_description -DCMAKE_INSTALL_PREFIX=/mnt/d/ROS2/ros2_ws/install/p603_description
[4.896s] DEBUG:colcon.colcon_core.event_handler.log_command:Invoking command in '/mnt/d/ROS2/ros2_ws/build/p603_description': CMAKE_PREFIX_PATH=${CMAKE_PREFIX_PATH}:/opt/ros/jazzy /usr/bin/cmake --build /mnt/d/ROS2/ros2_ws/build/p603_description -- -j20 -l20
[4.962s] DEBUG:colcon.colcon_core.event_handler.log_command:Invoked command in '/mnt/d/ROS2/ros2_ws/build/p603_description' returned '0': CMAKE_PREFIX_PATH=${CMAKE_PREFIX_PATH}:/opt/ros/jazzy /usr/bin/cmake --build /mnt/d/ROS2/ros2_ws/build/p603_description -- -j20 -l20
[4.973s] DEBUG:colcon.colcon_core.event_handler.log_command:Invoking command in '/mnt/d/ROS2/ros2_ws/build/p603_description': CMAKE_PREFIX_PATH=${CMAKE_PREFIX_PATH}:/opt/ros/jazzy /usr/bin/cmake --install /mnt/d/ROS2/ros2_ws/build/p603_description
[5.236s] Level 1:colcon.colcon_core.environment:create_environment_scripts_only(cpp_pubsub)
[5.236s] DEBUG:colcon.colcon_core.event_handler.log_command:Invoked command in '/mnt/d/ROS2/ros2_ws/build/cpp_pubsub' returned '0': CMAKE_PREFIX_PATH=${CMAKE_PREFIX_PATH}:/opt/ros/jazzy /usr/bin/cmake --install /mnt/d/ROS2/ros2_ws/build/cpp_pubsub
[5.241s] Level 1:colcon.colcon_core.environment:checking '/mnt/d/ROS2/ros2_ws/install/cpp_pubsub' for CMake module files
[5.278s] Level 1:colcon.colcon_core.environment:checking '/mnt/d/ROS2/ros2_ws/install/cpp_pubsub' for CMake config files
[5.303s] Level 1:colcon.colcon_core.shell:create_environment_hook('cpp_pubsub', 'cmake_prefix_path')
[5.303s] INFO:colcon.colcon_core.shell:Creating environment descriptor '/mnt/d/ROS2/ros2_ws/install/cpp_pubsub/share/cpp_pubsub/hook/cmake_prefix_path.dsv'
[5.310s] INFO:colcon.colcon_core.shell:Creating environment hook '/mnt/d/ROS2/ros2_ws/install/cpp_pubsub/share/cpp_pubsub/hook/cmake_prefix_path.sh'
[5.318s] Level 1:colcon.colcon_core.environment:checking '/mnt/d/ROS2/ros2_ws/install/cpp_pubsub/bin'
[5.319s] Level 1:colcon.colcon_core.environment:checking '/mnt/d/ROS2/ros2_ws/install/cpp_pubsub/lib/pkgconfig/cpp_pubsub.pc'
[5.321s] Level 1:colcon.colcon_core.environment:checking '/mnt/d/ROS2/ros2_ws/install/cpp_pubsub/lib/python3.12/site-packages'
[5.322s] Level 1:colcon.colcon_core.environment:checking '/mnt/d/ROS2/ros2_ws/install/cpp_pubsub/bin'
[5.322s] INFO:colcon.colcon_core.shell:Creating package descriptor '/mnt/d/ROS2/ros2_ws/install/cpp_pubsub/share/cpp_pubsub/package.dsv'
[5.329s] INFO:colcon.colcon_core.shell:Creating package script '/mnt/d/ROS2/ros2_ws/install/cpp_pubsub/share/cpp_pubsub/package.sh'
[5.459s] INFO:colcon.colcon_core.shell:Creating package script '/mnt/d/ROS2/ros2_ws/install/cpp_pubsub/share/cpp_pubsub/package.bash'
[5.469s] INFO:colcon.colcon_core.shell:Creating package script '/mnt/d/ROS2/ros2_ws/install/cpp_pubsub/share/cpp_pubsub/package.zsh'
[5.476s] Level 1:colcon.colcon_core.environment:create_file_with_runtime_dependencies(/mnt/d/ROS2/ros2_ws/install/cpp_pubsub/share/colcon-core/packages/cpp_pubsub)
[5.491s] Level 1:colcon.colcon_core.environment:create_environment_scripts_only(cpp_pubsub)
[5.491s] Level 1:colcon.colcon_core.environment:checking '/mnt/d/ROS2/ros2_ws/install/cpp_pubsub' for CMake module files
[5.528s] Level 1:colcon.colcon_core.environment:checking '/mnt/d/ROS2/ros2_ws/install/cpp_pubsub' for CMake config files
[5.559s] Level 1:colcon.colcon_core.shell:create_environment_hook('cpp_pubsub', 'cmake_prefix_path')
[5.559s] INFO:colcon.colcon_core.shell:Creating environment descriptor '/mnt/d/ROS2/ros2_ws/install/cpp_pubsub/share/cpp_pubsub/hook/cmake_prefix_path.dsv'
[5.567s] INFO:colcon.colcon_core.shell:Creating environment hook '/mnt/d/ROS2/ros2_ws/install/cpp_pubsub/share/cpp_pubsub/hook/cmake_prefix_path.sh'
[5.577s] Level 1:colcon.colcon_core.environment:checking '/mnt/d/ROS2/ros2_ws/install/cpp_pubsub/bin'
[5.577s] Level 1:colcon.colcon_core.environment:checking '/mnt/d/ROS2/ros2_ws/install/cpp_pubsub/lib/pkgconfig/cpp_pubsub.pc'
[5.578s] Level 1:colcon.colcon_core.environment:checking '/mnt/d/ROS2/ros2_ws/install/cpp_pubsub/lib/python3.12/site-packages'
[5.579s] Level 1:colcon.colcon_core.environment:checking '/mnt/d/ROS2/ros2_ws/install/cpp_pubsub/bin'
[5.580s] INFO:colcon.colcon_core.shell:Creating package descriptor '/mnt/d/ROS2/ros2_ws/install/cpp_pubsub/share/cpp_pubsub/package.dsv'
[5.587s] INFO:colcon.colcon_core.shell:Creating package script '/mnt/d/ROS2/ros2_ws/install/cpp_pubsub/share/cpp_pubsub/package.sh'
[5.593s] INFO:colcon.colcon_core.shell:Creating package script '/mnt/d/ROS2/ros2_ws/install/cpp_pubsub/share/cpp_pubsub/package.bash'
[5.601s] INFO:colcon.colcon_core.shell:Creating package script '/mnt/d/ROS2/ros2_ws/install/cpp_pubsub/share/cpp_pubsub/package.zsh'
[5.607s] Level 1:colcon.colcon_core.environment:create_file_with_runtime_dependencies(/mnt/d/ROS2/ros2_ws/install/cpp_pubsub/share/colcon-core/packages/cpp_pubsub)
[6.000s] Level 1:colcon.colcon_core.environment:create_environment_scripts_only(p603_description)
[6.000s] Level 1:colcon.colcon_core.environment:checking '/mnt/d/ROS2/ros2_ws/install/p603_description' for CMake module files
[6.001s] DEBUG:colcon.colcon_core.event_handler.log_command:Invoked command in '/mnt/d/ROS2/ros2_ws/build/p603_description' returned '0': CMAKE_PREFIX_PATH=${CMAKE_PREFIX_PATH}:/opt/ros/jazzy /usr/bin/cmake --install /mnt/d/ROS2/ros2_ws/build/p603_description
[6.038s] Level 1:colcon.colcon_core.environment:checking '/mnt/d/ROS2/ros2_ws/install/p603_description' for CMake config files
[6.066s] Level 1:colcon.colcon_core.shell:create_environment_hook('p603_description', 'cmake_prefix_path')
[6.066s] INFO:colcon.colcon_core.shell:Creating environment descriptor '/mnt/d/ROS2/ros2_ws/install/p603_description/share/p603_description/hook/cmake_prefix_path.dsv'
[6.072s] INFO:colcon.colcon_core.shell:Creating environment hook '/mnt/d/ROS2/ros2_ws/install/p603_description/share/p603_description/hook/cmake_prefix_path.sh'
[6.082s] Level 1:colcon.colcon_core.environment:checking '/mnt/d/ROS2/ros2_ws/install/p603_description/bin'
[6.083s] Level 1:colcon.colcon_core.environment:checking '/mnt/d/ROS2/ros2_ws/install/p603_description/lib/pkgconfig/p603_description.pc'
[6.084s] Level 1:colcon.colcon_core.environment:checking '/mnt/d/ROS2/ros2_ws/install/p603_description/lib/python3.12/site-packages'
[6.084s] Level 1:colcon.colcon_core.environment:checking '/mnt/d/ROS2/ros2_ws/install/p603_description/bin'
[6.085s] INFO:colcon.colcon_core.shell:Creating package descriptor '/mnt/d/ROS2/ros2_ws/install/p603_description/share/p603_description/package.dsv'
[6.091s] INFO:colcon.colcon_core.shell:Creating package script '/mnt/d/ROS2/ros2_ws/install/p603_description/share/p603_description/package.sh'
[6.097s] INFO:colcon.colcon_core.shell:Creating package script '/mnt/d/ROS2/ros2_ws/install/p603_description/share/p603_description/package.bash'
[6.103s] INFO:colcon.colcon_core.shell:Creating package script '/mnt/d/ROS2/ros2_ws/install/p603_description/share/p603_description/package.zsh'
[6.109s] Level 1:colcon.colcon_core.environment:create_file_with_runtime_dependencies(/mnt/d/ROS2/ros2_ws/install/p603_description/share/colcon-core/packages/p603_description)
[6.121s] Level 1:colcon.colcon_core.environment:create_environment_scripts_only(p603_description)
[6.121s] Level 1:colcon.colcon_core.environment:checking '/mnt/d/ROS2/ros2_ws/install/p603_description' for CMake module files
[6.180s] Level 1:colcon.colcon_core.environment:checking '/mnt/d/ROS2/ros2_ws/install/p603_description' for CMake config files
[6.236s] Level 1:colcon.colcon_core.shell:create_environment_hook('p603_description', 'cmake_prefix_path')
[6.236s] INFO:colcon.colcon_core.shell:Creating environment descriptor '/mnt/d/ROS2/ros2_ws/install/p603_description/share/p603_description/hook/cmake_prefix_path.dsv'
[6.247s] INFO:colcon.colcon_core.shell:Creating environment hook '/mnt/d/ROS2/ros2_ws/install/p603_description/share/p603_description/hook/cmake_prefix_path.sh'
[6.261s] Level 1:colcon.colcon_core.environment:checking '/mnt/d/ROS2/ros2_ws/install/p603_description/bin'
[6.261s] Level 1:colcon.colcon_core.environment:checking '/mnt/d/ROS2/ros2_ws/install/p603_description/lib/pkgconfig/p603_description.pc'
[6.262s] Level 1:colcon.colcon_core.environment:checking '/mnt/d/ROS2/ros2_ws/install/p603_description/lib/python3.12/site-packages'
[6.263s] Level 1:colcon.colcon_core.environment:checking '/mnt/d/ROS2/ros2_ws/install/p603_description/bin'
[6.264s] INFO:colcon.colcon_core.shell:Creating package descriptor '/mnt/d/ROS2/ros2_ws/install/p603_description/share/p603_description/package.dsv'
[6.271s] INFO:colcon.colcon_core.shell:Creating package script '/mnt/d/ROS2/ros2_ws/install/p603_description/share/p603_description/package.sh'
[6.278s] INFO:colcon.colcon_core.shell:Creating package script '/mnt/d/ROS2/ros2_ws/install/p603_description/share/p603_description/package.bash'
[6.285s] INFO:colcon.colcon_core.shell:Creating package script '/mnt/d/ROS2/ros2_ws/install/p603_description/share/p603_description/package.zsh'
[6.292s] Level 1:colcon.colcon_core.environment:create_file_with_runtime_dependencies(/mnt/d/ROS2/ros2_ws/install/p603_description/share/colcon-core/packages/p603_description)
[13.491s] DEBUG:colcon.colcon_core.event_handler.log_command:Invoked command in '/mnt/d/ROS2/ros2_ws/build/turtlesim' returned '0': CMAKE_PREFIX_PATH=${CMAKE_PREFIX_PATH}:/opt/ros/jazzy /usr/bin/cmake /mnt/d/ROS2/ros2_ws/ros_tutorials/turtlesim -DCMAKE_INSTALL_PREFIX=/mnt/d/ROS2/ros2_ws/install/turtlesim
[13.497s] DEBUG:colcon.colcon_core.event_handler.log_command:Invoking command in '/mnt/d/ROS2/ros2_ws/build/turtlesim': CMAKE_PREFIX_PATH=${CMAKE_PREFIX_PATH}:/opt/ros/jazzy /usr/bin/cmake --build /mnt/d/ROS2/ros2_ws/build/turtlesim -- -j20 -l20
[35.701s] DEBUG:colcon.colcon_core.event_handler.log_command:Invoked command in '/mnt/d/ROS2/ros2_ws/build/turtlesim' returned '0': CMAKE_PREFIX_PATH=${CMAKE_PREFIX_PATH}:/opt/ros/jazzy /usr/bin/cmake --build /mnt/d/ROS2/ros2_ws/build/turtlesim -- -j20 -l20
[35.748s] DEBUG:colcon.colcon_core.event_handler.log_command:Invoking command in '/mnt/d/ROS2/ros2_ws/build/turtlesim': CMAKE_PREFIX_PATH=${CMAKE_PREFIX_PATH}:/opt/ros/jazzy /usr/bin/cmake --install /mnt/d/ROS2/ros2_ws/build/turtlesim
[52.196s] Level 1:colcon.colcon_core.environment:create_environment_scripts_only(turtlesim)
[52.197s] Level 1:colcon.colcon_core.environment:checking '/mnt/d/ROS2/ros2_ws/install/turtlesim' for CMake module files
[52.197s] DEBUG:colcon.colcon_core.event_handler.log_command:Invoked command in '/mnt/d/ROS2/ros2_ws/build/turtlesim' returned '0': CMAKE_PREFIX_PATH=${CMAKE_PREFIX_PATH}:/opt/ros/jazzy /usr/bin/cmake --install /mnt/d/ROS2/ros2_ws/build/turtlesim
[52.309s] Level 1:colcon.colcon_core.environment:checking '/mnt/d/ROS2/ros2_ws/install/turtlesim' for CMake config files
[52.425s] Level 1:colcon.colcon_core.shell:create_environment_hook('turtlesim', 'cmake_prefix_path')
[52.425s] INFO:colcon.colcon_core.shell:Creating environment descriptor '/mnt/d/ROS2/ros2_ws/install/turtlesim/share/turtlesim/hook/cmake_prefix_path.dsv'
[52.431s] INFO:colcon.colcon_core.shell:Creating environment hook '/mnt/d/ROS2/ros2_ws/install/turtlesim/share/turtlesim/hook/cmake_prefix_path.sh'
[52.440s] Level 1:colcon.colcon_core.environment:checking '/mnt/d/ROS2/ros2_ws/install/turtlesim/lib'
[52.442s] Level 1:colcon.colcon_core.shell:create_environment_hook('turtlesim', 'ld_library_path_lib')
[52.442s] INFO:colcon.colcon_core.shell:Creating environment descriptor '/mnt/d/ROS2/ros2_ws/install/turtlesim/share/turtlesim/hook/ld_library_path_lib.dsv'
[52.449s] INFO:colcon.colcon_core.shell:Creating environment hook '/mnt/d/ROS2/ros2_ws/install/turtlesim/share/turtlesim/hook/ld_library_path_lib.sh'
[52.455s] Level 1:colcon.colcon_core.environment:checking '/mnt/d/ROS2/ros2_ws/install/turtlesim/bin'
[52.456s] Level 1:colcon.colcon_core.environment:checking '/mnt/d/ROS2/ros2_ws/install/turtlesim/lib/pkgconfig/turtlesim.pc'
[52.457s] Level 1:colcon.colcon_core.environment:checking '/mnt/d/ROS2/ros2_ws/install/turtlesim/lib/python3.12/site-packages'
[52.458s] Level 1:colcon.colcon_core.shell:create_environment_hook('turtlesim', 'pythonpath')
[52.459s] INFO:colcon.colcon_core.shell:Creating environment descriptor '/mnt/d/ROS2/ros2_ws/install/turtlesim/share/turtlesim/hook/pythonpath.dsv'
[52.465s] INFO:colcon.colcon_core.shell:Creating environment hook '/mnt/d/ROS2/ros2_ws/install/turtlesim/share/turtlesim/hook/pythonpath.sh'
[52.472s] Level 1:colcon.colcon_core.environment:checking '/mnt/d/ROS2/ros2_ws/install/turtlesim/bin'
[52.473s] INFO:colcon.colcon_core.shell:Creating package descriptor '/mnt/d/ROS2/ros2_ws/install/turtlesim/share/turtlesim/package.dsv'
[52.480s] INFO:colcon.colcon_core.shell:Creating package script '/mnt/d/ROS2/ros2_ws/install/turtlesim/share/turtlesim/package.sh'
[52.485s] INFO:colcon.colcon_core.shell:Creating package script '/mnt/d/ROS2/ros2_ws/install/turtlesim/share/turtlesim/package.bash'
[52.491s] INFO:colcon.colcon_core.shell:Creating package script '/mnt/d/ROS2/ros2_ws/install/turtlesim/share/turtlesim/package.zsh'
[52.496s] Level 1:colcon.colcon_core.environment:create_file_with_runtime_dependencies(/mnt/d/ROS2/ros2_ws/install/turtlesim/share/colcon-core/packages/turtlesim)
[52.509s] Level 1:colcon.colcon_core.environment:create_environment_scripts_only(turtlesim)
[52.509s] Level 1:colcon.colcon_core.environment:checking '/mnt/d/ROS2/ros2_ws/install/turtlesim' for CMake module files
[52.624s] Level 1:colcon.colcon_core.environment:checking '/mnt/d/ROS2/ros2_ws/install/turtlesim' for CMake config files
[52.745s] Level 1:colcon.colcon_core.shell:create_environment_hook('turtlesim', 'cmake_prefix_path')
[52.745s] INFO:colcon.colcon_core.shell:Creating environment descriptor '/mnt/d/ROS2/ros2_ws/install/turtlesim/share/turtlesim/hook/cmake_prefix_path.dsv'
[52.752s] INFO:colcon.colcon_core.shell:Creating environment hook '/mnt/d/ROS2/ros2_ws/install/turtlesim/share/turtlesim/hook/cmake_prefix_path.sh'
[52.761s] Level 1:colcon.colcon_core.environment:checking '/mnt/d/ROS2/ros2_ws/install/turtlesim/lib'
[52.764s] Level 1:colcon.colcon_core.shell:create_environment_hook('turtlesim', 'ld_library_path_lib')
[52.764s] INFO:colcon.colcon_core.shell:Creating environment descriptor '/mnt/d/ROS2/ros2_ws/install/turtlesim/share/turtlesim/hook/ld_library_path_lib.dsv'
[52.774s] INFO:colcon.colcon_core.shell:Creating environment hook '/mnt/d/ROS2/ros2_ws/install/turtlesim/share/turtlesim/hook/ld_library_path_lib.sh'
[52.783s] Level 1:colcon.colcon_core.environment:checking '/mnt/d/ROS2/ros2_ws/install/turtlesim/bin'
[52.784s] Level 1:colcon.colcon_core.environment:checking '/mnt/d/ROS2/ros2_ws/install/turtlesim/lib/pkgconfig/turtlesim.pc'
[52.785s] Level 1:colcon.colcon_core.environment:checking '/mnt/d/ROS2/ros2_ws/install/turtlesim/lib/python3.12/site-packages'
[52.786s] Level 1:colcon.colcon_core.shell:create_environment_hook('turtlesim', 'pythonpath')
[52.786s] INFO:colcon.colcon_core.shell:Creating environment descriptor '/mnt/d/ROS2/ros2_ws/install/turtlesim/share/turtlesim/hook/pythonpath.dsv'
[52.793s] INFO:colcon.colcon_core.shell:Creating environment hook '/mnt/d/ROS2/ros2_ws/install/turtlesim/share/turtlesim/hook/pythonpath.sh'
[52.799s] Level 1:colcon.colcon_core.environment:checking '/mnt/d/ROS2/ros2_ws/install/turtlesim/bin'
[52.800s] INFO:colcon.colcon_core.shell:Creating package descriptor '/mnt/d/ROS2/ros2_ws/install/turtlesim/share/turtlesim/package.dsv'
[52.806s] INFO:colcon.colcon_core.shell:Creating package script '/mnt/d/ROS2/ros2_ws/install/turtlesim/share/turtlesim/package.sh'
[52.812s] INFO:colcon.colcon_core.shell:Creating package script '/mnt/d/ROS2/ros2_ws/install/turtlesim/share/turtlesim/package.bash'
[52.818s] INFO:colcon.colcon_core.shell:Creating package script '/mnt/d/ROS2/ros2_ws/install/turtlesim/share/turtlesim/package.zsh'
[52.826s] Level 1:colcon.colcon_core.environment:create_file_with_runtime_dependencies(/mnt/d/ROS2/ros2_ws/install/turtlesim/share/colcon-core/packages/turtlesim)
[52.831s] DEBUG:colcon.colcon_parallel_executor.executor.parallel:closing loop
[52.832s] DEBUG:colcon.colcon_parallel_executor.executor.parallel:loop closed
[52.832s] DEBUG:colcon.colcon_parallel_executor.executor.parallel:run_until_complete finished with '0'
[52.832s] DEBUG:colcon.colcon_core.event_reactor:joining thread
[52.895s] INFO:colcon.colcon_core.plugin_system:Skipping extension 'colcon_notification.desktop_notification.notify_send': Could not find 'notify-send'
[52.896s] INFO:colcon.colcon_core.plugin_system:Skipping extension 'colcon_notification.desktop_notification.terminal_notifier': Not used on non-Darwin systems
[52.896s] INFO:colcon.colcon_core.plugin_system:Skipping extension 'colcon_notification.desktop_notification.win32': Not used on non-Windows systems
[52.896s] INFO:colcon.colcon_notification.desktop_notification:Sending desktop notification using 'notify2'
[52.897s] DEBUG:colcon.colcon_notification.desktop_notification.notify2:Failed to initialize notify2: org.freedesktop.DBus.Error.ServiceUnknown: The name org.freedesktop.Notifications was not provided by any .service files
[52.897s] DEBUG:colcon.colcon_core.event_reactor:joined thread
[52.898s] INFO:colcon.colcon_core.shell:Creating prefix script '/mnt/d/ROS2/ros2_ws/install/local_setup.sh'
[52.901s] INFO:colcon.colcon_core.shell:Creating prefix util module '/mnt/d/ROS2/ros2_ws/install/_local_setup_util_sh.py'
[52.916s] INFO:colcon.colcon_core.shell:Creating prefix chain script '/mnt/d/ROS2/ros2_ws/install/setup.sh'
[52.921s] INFO:colcon.colcon_core.shell:Creating prefix script '/mnt/d/ROS2/ros2_ws/install/local_setup.bash'
[52.925s] INFO:colcon.colcon_core.shell:Creating prefix chain script '/mnt/d/ROS2/ros2_ws/install/setup.bash'
[52.929s] INFO:colcon.colcon_core.shell:Creating prefix script '/mnt/d/ROS2/ros2_ws/install/local_setup.zsh'
[52.932s] INFO:colcon.colcon_core.shell:Creating prefix chain script '/mnt/d/ROS2/ros2_ws/install/setup.zsh'
