[0.082s] Invoking command in '/mnt/d/ROS2/ros2_ws/build/turtlesim': CMAKE_PREFIX_PATH=${CMAKE_PREFIX_PATH}:/opt/ros/jazzy /usr/bin/cmake /mnt/d/ROS2/ros2_ws/ros_tutorials/turtlesim -DCMAKE_INSTALL_PREFIX=/mnt/d/ROS2/ros2_ws/install/turtlesim
[0.335s] -- The C compiler identification is GNU 13.3.0
[0.835s] -- The CXX compiler identification is GNU 13.3.0
[1.209s] -- Detecting C compiler ABI info
[1.758s] -- Detecting C compiler ABI info - done
[1.779s] -- Check for working C compiler: /usr/bin/cc - skipped
[1.779s] -- Detecting C compile features
[1.780s] -- Detecting C compile features - done
[1.878s] -- Detecting CXX compiler ABI info
[2.489s] -- Detecting CXX compiler ABI info - done
[2.509s] -- Check for working CXX compiler: /usr/bin/c++ - skipped
[2.510s] -- Detecting CXX compile features
[2.513s] -- Detecting CXX compile features - done
[2.576s] -- Found ament_cmake: 2.5.5 (/opt/ros/jazzy/share/ament_cmake/cmake)
[2.695s] -- Found Python3: /usr/bin/python3 (found version "3.12.3") found components: Interpreter 
[3.022s] -- Found ament_index_cpp: 1.8.2 (/opt/ros/jazzy/share/ament_index_cpp/cmake)
[3.028s] -- Found geometry_msgs: 5.3.6 (/opt/ros/jazzy/share/geometry_msgs/cmake)
[3.312s] -- Found rosidl_generator_c: 4.6.7 (/opt/ros/jazzy/share/rosidl_generator_c/cmake)
[3.370s] -- Found rosidl_generator_cpp: 4.6.7 (/opt/ros/jazzy/share/rosidl_generator_cpp/cmake)
[3.441s] -- Using all available rosidl_typesupport_c: rosidl_typesupport_fastrtps_c;rosidl_typesupport_introspection_c
[3.510s] -- Using all available rosidl_typesupport_cpp: rosidl_typesupport_fastrtps_cpp;rosidl_typesupport_introspection_cpp
[3.858s] -- Found rcl_interfaces: 2.0.3 (/opt/ros/jazzy/share/rcl_interfaces/cmake)
[3.936s] -- Found rclcpp: 28.1.16 (/opt/ros/jazzy/share/rclcpp/cmake)
[4.056s] -- Found rmw_implementation_cmake: 7.3.3 (/opt/ros/jazzy/share/rmw_implementation_cmake/cmake)
[4.072s] -- Found rmw_fastrtps_cpp: 8.4.3 (/opt/ros/jazzy/share/rmw_fastrtps_cpp/cmake)
[4.219s] -- Found OpenSSL: /usr/lib/x86_64-linux-gnu/libcrypto.so (found version "3.0.13")  
[4.376s] -- Found FastRTPS: /opt/ros/jazzy/include (Required is at least version "2.13") 
[4.500s] -- Using RMW implementation 'rmw_fastrtps_cpp' as default
[4.741s] -- Found rclcpp_action: 28.1.16 (/opt/ros/jazzy/share/rclcpp_action/cmake)
[4.851s] -- Found rosidl_default_generators: 1.6.0 (/opt/ros/jazzy/share/rosidl_default_generators/cmake)
[4.935s] -- Found rosidl_adapter: 4.6.7 (/opt/ros/jazzy/share/rosidl_adapter/cmake)
[4.955s] -- Found std_srvs: 5.3.6 (/opt/ros/jazzy/share/std_srvs/cmake)
[6.142s] -- Found ament_cmake_ros: 0.12.0 (/opt/ros/jazzy/share/ament_cmake_ros/cmake)
[7.183s] -- Using all available rosidl_typesupport_c: rosidl_typesupport_fastrtps_c;rosidl_typesupport_introspection_c
[7.509s] -- Using all available rosidl_typesupport_cpp: rosidl_typesupport_fastrtps_cpp;rosidl_typesupport_introspection_cpp
[7.521s] -- Found python_cmake_module: 0.11.1 (/opt/ros/jazzy/share/python_cmake_module/cmake)
[7.602s] -- Found PythonExtra: /usr/bin/python3  
[7.970s] -- Found Python3: /usr/bin/python3 (found version "3.12.3") found components: Interpreter Development NumPy Development.Module Development.Embed 
[8.201s] -- Found ament_lint_auto: 0.17.4 (/opt/ros/jazzy/share/ament_lint_auto/cmake)
[8.494s] -- Added test 'copyright' to check source files copyright and LICENSE
[9.222s] -- Added test 'cppcheck' to perform static code analysis on C / C++ code
[9.223s] -- Configured cppcheck include dirs: /mnt/d/ROS2/ros2_ws/ros_tutorials/turtlesim/include
[9.223s] -- Configured cppcheck exclude dirs and/or files: 
[9.944s] -- Added test 'cpplint' to check C / C++ code against the Google style
[9.944s] -- Configured cpplint exclude dirs and/or files: 
[10.037s] -- Added test 'flake8' to check Python code syntax and style conventions
[10.037s] -- Configured 'flake8' exclude dirs and/or files: 
[10.223s] -- Added test 'lint_cmake' to check CMake code style
[10.313s] -- Added test 'pep257' to check Python code against some of the docstring style conventions in PEP 257
[11.041s] -- Added test 'uncrustify' to check C / C++ code style
[11.041s] -- Configured uncrustify additional arguments: 
[11.133s] -- Added test 'xmllint' to check XML markup files
[11.326s] -- Configuring done (11.2s)
[12.620s] -- Generating done (1.1s)
[13.129s] -- Build files have been written to: /mnt/d/ROS2/ros2_ws/build/turtlesim
[13.138s] Invoked command in '/mnt/d/ROS2/ros2_ws/build/turtlesim' returned '0': CMAKE_PREFIX_PATH=${CMAKE_PREFIX_PATH}:/opt/ros/jazzy /usr/bin/cmake /mnt/d/ROS2/ros2_ws/ros_tutorials/turtlesim -DCMAKE_INSTALL_PREFIX=/mnt/d/ROS2/ros2_ws/install/turtlesim
[13.144s] Invoking command in '/mnt/d/ROS2/ros2_ws/build/turtlesim': CMAKE_PREFIX_PATH=${CMAKE_PREFIX_PATH}:/opt/ros/jazzy /usr/bin/cmake --build /mnt/d/ROS2/ros2_ws/build/turtlesim -- -j20 -l20
[13.290s] [  0%] [34m[1mGenerating type hashes for ROS interfaces[0m
[13.303s] [  0%] Built target ament_cmake_python_copy_turtlesim
[13.457s] running egg_info
[13.459s] creating turtlesim.egg-info
[13.470s] writing turtlesim.egg-info/PKG-INFO
[13.473s] writing dependency_links to turtlesim.egg-info/dependency_links.txt
[13.477s] writing top-level names to turtlesim.egg-info/top_level.txt
[13.481s] writing manifest file 'turtlesim.egg-info/SOURCES.txt'
[13.614s] reading manifest file 'turtlesim.egg-info/SOURCES.txt'
[13.615s] writing manifest file 'turtlesim.egg-info/SOURCES.txt'
[13.616s] [  0%] Built target ament_cmake_python_build_turtlesim_egg
[13.754s] [  0%] Built target turtlesim__rosidl_generator_type_description
[13.795s] [  1%] [34m[1mGenerating C code for ROS interfaces[0m
[13.837s] [  2%] [34m[1mGenerating C++ code for ROS interfaces[0m
[14.619s] [  2%] Built target turtlesim__cpp
[15.017s] [  3%] [32mBuilding C object CMakeFiles/turtlesim__rosidl_generator_c.dir/rosidl_generator_c/turtlesim/action/detail/rotate_absolute__description.c.o[0m
[15.022s] [  4%] [32mBuilding C object CMakeFiles/turtlesim__rosidl_generator_c.dir/rosidl_generator_c/turtlesim/action/detail/rotate_absolute__functions.c.o[0m
[15.026s] [  5%] [32mBuilding C object CMakeFiles/turtlesim__rosidl_generator_c.dir/rosidl_generator_c/turtlesim/action/detail/rotate_absolute__type_support.c.o[0m
[15.030s] [  6%] [32mBuilding C object CMakeFiles/turtlesim__rosidl_generator_c.dir/rosidl_generator_c/turtlesim/msg/detail/color__description.c.o[0m
[15.036s] [  7%] [32mBuilding C object CMakeFiles/turtlesim__rosidl_generator_c.dir/rosidl_generator_c/turtlesim/msg/detail/color__functions.c.o[0m
[15.037s] [  7%] [32mBuilding C object CMakeFiles/turtlesim__rosidl_generator_c.dir/rosidl_generator_c/turtlesim/msg/detail/color__type_support.c.o[0m
[15.043s] [  8%] [32mBuilding C object CMakeFiles/turtlesim__rosidl_generator_c.dir/rosidl_generator_c/turtlesim/msg/detail/pose__description.c.o[0m
[15.047s] [  9%] [32mBuilding C object CMakeFiles/turtlesim__rosidl_generator_c.dir/rosidl_generator_c/turtlesim/msg/detail/pose__functions.c.o[0m
[15.052s] [ 10%] [32mBuilding C object CMakeFiles/turtlesim__rosidl_generator_c.dir/rosidl_generator_c/turtlesim/msg/detail/pose__type_support.c.o[0m
[15.057s] [ 11%] [32mBuilding C object CMakeFiles/turtlesim__rosidl_generator_c.dir/rosidl_generator_c/turtlesim/srv/detail/kill__description.c.o[0m
[15.063s] [ 12%] [32mBuilding C object CMakeFiles/turtlesim__rosidl_generator_c.dir/rosidl_generator_c/turtlesim/srv/detail/kill__functions.c.o[0m
[15.070s] [ 13%] [32mBuilding C object CMakeFiles/turtlesim__rosidl_generator_c.dir/rosidl_generator_c/turtlesim/srv/detail/kill__type_support.c.o[0m
[15.072s] [ 13%] [32mBuilding C object CMakeFiles/turtlesim__rosidl_generator_c.dir/rosidl_generator_c/turtlesim/srv/detail/set_pen__description.c.o[0m
[15.083s] [ 14%] [32mBuilding C object CMakeFiles/turtlesim__rosidl_generator_c.dir/rosidl_generator_c/turtlesim/srv/detail/set_pen__functions.c.o[0m
[15.086s] [ 15%] [32mBuilding C object CMakeFiles/turtlesim__rosidl_generator_c.dir/rosidl_generator_c/turtlesim/srv/detail/set_pen__type_support.c.o[0m
[15.090s] [ 16%] [32mBuilding C object CMakeFiles/turtlesim__rosidl_generator_c.dir/rosidl_generator_c/turtlesim/srv/detail/spawn__description.c.o[0m
[15.096s] [ 17%] [32mBuilding C object CMakeFiles/turtlesim__rosidl_generator_c.dir/rosidl_generator_c/turtlesim/srv/detail/spawn__functions.c.o[0m
[15.103s] [ 18%] [32mBuilding C object CMakeFiles/turtlesim__rosidl_generator_c.dir/rosidl_generator_c/turtlesim/srv/detail/spawn__type_support.c.o[0m
[15.108s] [ 19%] [32mBuilding C object CMakeFiles/turtlesim__rosidl_generator_c.dir/rosidl_generator_c/turtlesim/srv/detail/teleport_absolute__description.c.o[0m
[15.114s] [ 20%] [32mBuilding C object CMakeFiles/turtlesim__rosidl_generator_c.dir/rosidl_generator_c/turtlesim/srv/detail/teleport_absolute__functions.c.o[0m
[15.195s] [ 20%] [32mBuilding C object CMakeFiles/turtlesim__rosidl_generator_c.dir/rosidl_generator_c/turtlesim/srv/detail/teleport_absolute__type_support.c.o[0m
[15.211s] [ 22%] [32mBuilding C object CMakeFiles/turtlesim__rosidl_generator_c.dir/rosidl_generator_c/turtlesim/srv/detail/teleport_relative__description.c.o[0m
[15.215s] [ 23%] [32mBuilding C object CMakeFiles/turtlesim__rosidl_generator_c.dir/rosidl_generator_c/turtlesim/srv/detail/teleport_relative__functions.c.o[0m
[15.217s] [ 23%] [32mBuilding C object CMakeFiles/turtlesim__rosidl_generator_c.dir/rosidl_generator_c/turtlesim/srv/detail/teleport_relative__type_support.c.o[0m
[15.438s] [ 24%] [32m[1mLinking C shared library libturtlesim__rosidl_generator_c.so[0m
[15.828s] [ 24%] Built target turtlesim__rosidl_generator_c
[15.862s] [ 28%] [34m[1mGenerating C introspection for ROS interfaces[0m
[15.863s] [ 28%] [34m[1mGenerating C++ introspection for ROS interfaces[0m
[15.864s] [ 28%] [34m[1mGenerating C++ type support dispatch for ROS interfaces[0m
[15.864s] [ 28%] [34m[1mGenerating C++ type support for eProsima Fast-RTPS[0m
[15.865s] [ 29%] [34m[1mGenerating C type support dispatch for ROS interfaces[0m
[15.867s] [ 29%] [34m[1mGenerating C type support for eProsima Fast-RTPS[0m
[16.335s] [ 31%] [32mBuilding CXX object CMakeFiles/turtlesim__rosidl_typesupport_c.dir/rosidl_typesupport_c/turtlesim/action/rotate_absolute__type_support.cpp.o[0m
[16.336s] [ 31%] [32mBuilding CXX object CMakeFiles/turtlesim__rosidl_typesupport_cpp.dir/rosidl_typesupport_cpp/turtlesim/action/rotate_absolute__type_support.cpp.o[0m
[16.340s] [ 33%] [32mBuilding CXX object CMakeFiles/turtlesim__rosidl_typesupport_c.dir/rosidl_typesupport_c/turtlesim/msg/color__type_support.cpp.o[0m
[16.342s] [ 33%] [32mBuilding CXX object CMakeFiles/turtlesim__rosidl_typesupport_cpp.dir/rosidl_typesupport_cpp/turtlesim/msg/color__type_support.cpp.o[0m
[16.349s] [ 35%] [32mBuilding CXX object CMakeFiles/turtlesim__rosidl_typesupport_cpp.dir/rosidl_typesupport_cpp/turtlesim/msg/pose__type_support.cpp.o[0m
[16.351s] [ 35%] [32mBuilding CXX object CMakeFiles/turtlesim__rosidl_typesupport_c.dir/rosidl_typesupport_c/turtlesim/msg/pose__type_support.cpp.o[0m
[16.354s] [ 36%] [32mBuilding CXX object CMakeFiles/turtlesim__rosidl_typesupport_cpp.dir/rosidl_typesupport_cpp/turtlesim/srv/kill__type_support.cpp.o[0m
[16.356s] [ 36%] [32mBuilding CXX object CMakeFiles/turtlesim__rosidl_typesupport_c.dir/rosidl_typesupport_c/turtlesim/srv/kill__type_support.cpp.o[0m
[16.366s] [ 38%] [32mBuilding CXX object CMakeFiles/turtlesim__rosidl_typesupport_c.dir/rosidl_typesupport_c/turtlesim/srv/set_pen__type_support.cpp.o[0m
[16.369s] [ 38%] [32mBuilding CXX object CMakeFiles/turtlesim__rosidl_typesupport_cpp.dir/rosidl_typesupport_cpp/turtlesim/srv/set_pen__type_support.cpp.o[0m
[16.373s] [ 39%] [32mBuilding CXX object CMakeFiles/turtlesim__rosidl_typesupport_c.dir/rosidl_typesupport_c/turtlesim/srv/spawn__type_support.cpp.o[0m
[16.377s] [ 39%] [32mBuilding CXX object CMakeFiles/turtlesim__rosidl_typesupport_cpp.dir/rosidl_typesupport_cpp/turtlesim/srv/spawn__type_support.cpp.o[0m
[16.384s] [ 41%] [32mBuilding CXX object CMakeFiles/turtlesim__rosidl_typesupport_c.dir/rosidl_typesupport_c/turtlesim/srv/teleport_absolute__type_support.cpp.o[0m
[16.386s] [ 41%] [32mBuilding CXX object CMakeFiles/turtlesim__rosidl_typesupport_cpp.dir/rosidl_typesupport_cpp/turtlesim/srv/teleport_absolute__type_support.cpp.o[0m
[16.394s] [ 43%] [32mBuilding CXX object CMakeFiles/turtlesim__rosidl_typesupport_cpp.dir/rosidl_typesupport_cpp/turtlesim/srv/teleport_relative__type_support.cpp.o[0m
[16.397s] [ 43%] [32mBuilding CXX object CMakeFiles/turtlesim__rosidl_typesupport_c.dir/rosidl_typesupport_c/turtlesim/srv/teleport_relative__type_support.cpp.o[0m
[16.795s] [ 44%] [32m[1mLinking CXX shared library libturtlesim__rosidl_typesupport_c.so[0m
[16.865s] [ 45%] [32mBuilding CXX object CMakeFiles/turtlesim__rosidl_typesupport_introspection_cpp.dir/rosidl_typesupport_introspection_cpp/turtlesim/action/detail/rotate_absolute__type_support.cpp.o[0m
[16.876s] [ 46%] [32mBuilding CXX object CMakeFiles/turtlesim__rosidl_typesupport_introspection_cpp.dir/rosidl_typesupport_introspection_cpp/turtlesim/msg/detail/color__type_support.cpp.o[0m
[16.889s] [ 47%] [32mBuilding CXX object CMakeFiles/turtlesim__rosidl_typesupport_introspection_cpp.dir/rosidl_typesupport_introspection_cpp/turtlesim/msg/detail/pose__type_support.cpp.o[0m
[16.895s] [ 48%] [32mBuilding CXX object CMakeFiles/turtlesim__rosidl_typesupport_introspection_cpp.dir/rosidl_typesupport_introspection_cpp/turtlesim/srv/detail/kill__type_support.cpp.o[0m
[16.910s] [ 49%] [32mBuilding CXX object CMakeFiles/turtlesim__rosidl_typesupport_introspection_cpp.dir/rosidl_typesupport_introspection_cpp/turtlesim/srv/detail/set_pen__type_support.cpp.o[0m
[16.916s] [ 50%] [32mBuilding CXX object CMakeFiles/turtlesim__rosidl_typesupport_introspection_cpp.dir/rosidl_typesupport_introspection_cpp/turtlesim/srv/detail/spawn__type_support.cpp.o[0m
[16.919s] [ 50%] [32mBuilding CXX object CMakeFiles/turtlesim__rosidl_typesupport_introspection_cpp.dir/rosidl_typesupport_introspection_cpp/turtlesim/srv/detail/teleport_absolute__type_support.cpp.o[0m
[16.931s] [ 51%] [32mBuilding CXX object CMakeFiles/turtlesim__rosidl_typesupport_introspection_cpp.dir/rosidl_typesupport_introspection_cpp/turtlesim/srv/detail/teleport_relative__type_support.cpp.o[0m
[16.951s] [ 52%] [32mBuilding C object CMakeFiles/turtlesim__rosidl_typesupport_introspection_c.dir/rosidl_typesupport_introspection_c/turtlesim/action/detail/rotate_absolute__type_support.c.o[0m
[16.982s] [ 52%] [32mBuilding CXX object CMakeFiles/turtlesim__rosidl_typesupport_fastrtps_c.dir/rosidl_typesupport_fastrtps_c/turtlesim/action/detail/rotate_absolute__type_support_c.cpp.o[0m
[16.993s] [ 53%] [32mBuilding CXX object CMakeFiles/turtlesim__rosidl_typesupport_fastrtps_cpp.dir/rosidl_typesupport_fastrtps_cpp/turtlesim/action/detail/dds_fastrtps/rotate_absolute__type_support.cpp.o[0m
[17.278s] [ 53%] Built target turtlesim__rosidl_typesupport_c
[17.302s] [ 54%] [32mBuilding CXX object CMakeFiles/turtlesim__rosidl_typesupport_fastrtps_cpp.dir/rosidl_typesupport_fastrtps_cpp/turtlesim/msg/detail/dds_fastrtps/color__type_support.cpp.o[0m
[17.410s] [ 56%] [32mBuilding C object CMakeFiles/turtlesim__rosidl_typesupport_introspection_c.dir/rosidl_typesupport_introspection_c/turtlesim/msg/detail/color__type_support.c.o[0m
[17.412s] [ 56%] [32mBuilding CXX object CMakeFiles/turtlesim__rosidl_typesupport_fastrtps_cpp.dir/rosidl_typesupport_fastrtps_cpp/turtlesim/msg/detail/dds_fastrtps/pose__type_support.cpp.o[0m
[17.527s] [ 57%] [32mBuilding CXX object CMakeFiles/turtlesim__rosidl_typesupport_fastrtps_cpp.dir/rosidl_typesupport_fastrtps_cpp/turtlesim/srv/detail/dds_fastrtps/kill__type_support.cpp.o[0m
[17.545s] [ 58%] [32mBuilding C object CMakeFiles/turtlesim__rosidl_typesupport_introspection_c.dir/rosidl_typesupport_introspection_c/turtlesim/msg/detail/pose__type_support.c.o[0m
[17.547s] [ 58%] [32mBuilding CXX object CMakeFiles/turtlesim__rosidl_typesupport_fastrtps_cpp.dir/rosidl_typesupport_fastrtps_cpp/turtlesim/srv/detail/dds_fastrtps/set_pen__type_support.cpp.o[0m
[17.549s] [ 58%] [32mBuilding CXX object CMakeFiles/turtlesim__rosidl_typesupport_fastrtps_c.dir/rosidl_typesupport_fastrtps_c/turtlesim/msg/detail/color__type_support_c.cpp.o[0m
[17.560s] [ 59%] [32mBuilding C object CMakeFiles/turtlesim__rosidl_typesupport_introspection_c.dir/rosidl_typesupport_introspection_c/turtlesim/srv/detail/kill__type_support.c.o[0m
[17.592s] [ 60%] [32mBuilding CXX object CMakeFiles/turtlesim__rosidl_typesupport_fastrtps_c.dir/rosidl_typesupport_fastrtps_c/turtlesim/msg/detail/pose__type_support_c.cpp.o[0m
[17.834s] [ 61%] [32mBuilding C object CMakeFiles/turtlesim__rosidl_typesupport_introspection_c.dir/rosidl_typesupport_introspection_c/turtlesim/srv/detail/set_pen__type_support.c.o[0m
[17.901s] [ 62%] [32mBuilding CXX object CMakeFiles/turtlesim__rosidl_typesupport_fastrtps_cpp.dir/rosidl_typesupport_fastrtps_cpp/turtlesim/srv/detail/dds_fastrtps/spawn__type_support.cpp.o[0m
[17.999s] [ 63%] [32mBuilding CXX object CMakeFiles/turtlesim__rosidl_typesupport_fastrtps_cpp.dir/rosidl_typesupport_fastrtps_cpp/turtlesim/srv/detail/dds_fastrtps/teleport_absolute__type_support.cpp.o[0m
[18.025s] [ 64%] [32m[1mLinking CXX shared library libturtlesim__rosidl_typesupport_cpp.so[0m
[18.092s] [ 65%] [32mBuilding CXX object CMakeFiles/turtlesim__rosidl_typesupport_fastrtps_cpp.dir/rosidl_typesupport_fastrtps_cpp/turtlesim/srv/detail/dds_fastrtps/teleport_relative__type_support.cpp.o[0m
[18.098s] [ 66%] [32mBuilding C object CMakeFiles/turtlesim__rosidl_typesupport_introspection_c.dir/rosidl_typesupport_introspection_c/turtlesim/srv/detail/spawn__type_support.c.o[0m
[18.221s] [ 67%] [32mBuilding C object CMakeFiles/turtlesim__rosidl_typesupport_introspection_c.dir/rosidl_typesupport_introspection_c/turtlesim/srv/detail/teleport_absolute__type_support.c.o[0m
[18.227s] [ 68%] [32mBuilding CXX object CMakeFiles/turtlesim__rosidl_typesupport_fastrtps_c.dir/rosidl_typesupport_fastrtps_c/turtlesim/srv/detail/kill__type_support_c.cpp.o[0m
[18.238s] [ 69%] [32mBuilding C object CMakeFiles/turtlesim__rosidl_typesupport_introspection_c.dir/rosidl_typesupport_introspection_c/turtlesim/srv/detail/teleport_relative__type_support.c.o[0m
[18.250s] [ 70%] [32mBuilding CXX object CMakeFiles/turtlesim__rosidl_typesupport_fastrtps_c.dir/rosidl_typesupport_fastrtps_c/turtlesim/srv/detail/set_pen__type_support_c.cpp.o[0m
[18.286s] [ 71%] [32mBuilding CXX object CMakeFiles/turtlesim__rosidl_typesupport_fastrtps_c.dir/rosidl_typesupport_fastrtps_c/turtlesim/srv/detail/spawn__type_support_c.cpp.o[0m
[18.384s] [ 72%] [32mBuilding CXX object CMakeFiles/turtlesim__rosidl_typesupport_fastrtps_c.dir/rosidl_typesupport_fastrtps_c/turtlesim/srv/detail/teleport_absolute__type_support_c.cpp.o[0m
[18.602s] [ 72%] [32mBuilding CXX object CMakeFiles/turtlesim__rosidl_typesupport_fastrtps_c.dir/rosidl_typesupport_fastrtps_c/turtlesim/srv/detail/teleport_relative__type_support_c.cpp.o[0m
[18.699s] [ 73%] [32m[1mLinking C shared library libturtlesim__rosidl_typesupport_introspection_c.so[0m
[18.774s] [ 74%] [32m[1mLinking CXX shared library libturtlesim__rosidl_typesupport_introspection_cpp.so[0m
[18.991s] [ 74%] Built target turtlesim__rosidl_typesupport_cpp
[19.039s] [ 75%] [34m[1mGenerating include/turtlesim/moc_turtle_frame.cpp[0m
[19.087s] [ 77%] [32mBuilding CXX object CMakeFiles/draw_square.dir/tutorials/draw_square.cpp.o[0m
[19.089s] [ 77%] [32mBuilding CXX object CMakeFiles/turtle_teleop_key.dir/tutorials/teleop_turtle_key.cpp.o[0m
[19.090s] [ 77%] [32mBuilding CXX object CMakeFiles/mimic.dir/tutorials/mimic.cpp.o[0m
[19.266s] [ 78%] [32mBuilding CXX object CMakeFiles/turtlesim_node.dir/src/turtlesim.cpp.o[0m
[19.272s] [ 80%] [32mBuilding CXX object CMakeFiles/turtlesim_node.dir/src/turtle.cpp.o[0m
[19.274s] [ 80%] [32mBuilding CXX object CMakeFiles/turtlesim_node.dir/src/turtle_frame.cpp.o[0m
[19.282s] [ 80%] [32mBuilding CXX object CMakeFiles/turtlesim_node.dir/include/turtlesim/moc_turtle_frame.cpp.o[0m
[19.333s] [ 80%] Built target turtlesim__rosidl_typesupport_introspection_c
[19.700s] [ 80%] Built target turtlesim__rosidl_typesupport_introspection_cpp
[19.755s] [ 81%] [32m[1mLinking CXX shared library libturtlesim__rosidl_typesupport_fastrtps_cpp.so[0m
[19.881s] [ 82%] [32m[1mLinking CXX shared library libturtlesim__rosidl_typesupport_fastrtps_c.so[0m
[20.297s] [ 82%] Built target turtlesim__rosidl_typesupport_fastrtps_c
[20.398s] [ 82%] Built target turtlesim__rosidl_typesupport_fastrtps_cpp
[20.449s] [ 82%] Built target turtlesim
[20.527s] [ 82%] [34m[1mGenerating Python code for ROS interfaces[0m
[21.598s] [ 82%] Built target turtlesim__py
[21.693s] [ 83%] [32mBuilding C object CMakeFiles/turtlesim__rosidl_generator_py.dir/rosidl_generator_py/turtlesim/action/_rotate_absolute_s.c.o[0m
[21.702s] [ 84%] [32mBuilding C object CMakeFiles/turtlesim__rosidl_generator_py.dir/rosidl_generator_py/turtlesim/msg/_color_s.c.o[0m
[21.704s] [ 84%] [32mBuilding C object CMakeFiles/turtlesim__rosidl_generator_py.dir/rosidl_generator_py/turtlesim/msg/_pose_s.c.o[0m
[21.727s] [ 85%] [32mBuilding C object CMakeFiles/turtlesim__rosidl_generator_py.dir/rosidl_generator_py/turtlesim/srv/_kill_s.c.o[0m
[21.731s] [ 87%] [32mBuilding C object CMakeFiles/turtlesim__rosidl_generator_py.dir/rosidl_generator_py/turtlesim/srv/_set_pen_s.c.o[0m
[21.733s] [ 87%] [32mBuilding C object CMakeFiles/turtlesim__rosidl_generator_py.dir/rosidl_generator_py/turtlesim/srv/_spawn_s.c.o[0m
[21.743s] [ 88%] [32mBuilding C object CMakeFiles/turtlesim__rosidl_generator_py.dir/rosidl_generator_py/turtlesim/srv/_teleport_absolute_s.c.o[0m
[21.752s] [ 89%] [32mBuilding C object CMakeFiles/turtlesim__rosidl_generator_py.dir/rosidl_generator_py/turtlesim/srv/_teleport_relative_s.c.o[0m
[22.587s] [ 90%] [32m[1mLinking C shared library libturtlesim__rosidl_generator_py.so[0m
[23.053s] [ 90%] Built target turtlesim__rosidl_generator_py
[23.144s] [ 93%] [32mBuilding C object CMakeFiles/turtlesim_s__rosidl_typesupport_introspection_c.dir/rosidl_generator_py/turtlesim/_turtlesim_s.ep.rosidl_typesupport_introspection_c.c.o[0m
[23.145s] [ 93%] [32mBuilding C object CMakeFiles/turtlesim_s__rosidl_typesupport_c.dir/rosidl_generator_py/turtlesim/_turtlesim_s.ep.rosidl_typesupport_c.c.o[0m
[23.145s] [ 93%] [32mBuilding C object CMakeFiles/turtlesim_s__rosidl_typesupport_fastrtps_c.dir/rosidl_generator_py/turtlesim/_turtlesim_s.ep.rosidl_typesupport_fastrtps_c.c.o[0m
[24.107s] [ 94%] [32m[1mLinking C shared module rosidl_generator_py/turtlesim/turtlesim_s__rosidl_typesupport_introspection_c.so[0m
[24.122s] [ 95%] [32m[1mLinking C shared module rosidl_generator_py/turtlesim/turtlesim_s__rosidl_typesupport_fastrtps_c.so[0m
[24.169s] [ 96%] [32m[1mLinking C shared module rosidl_generator_py/turtlesim/turtlesim_s__rosidl_typesupport_c.so[0m
[24.401s] [ 96%] Built target turtlesim_s__rosidl_typesupport_introspection_c
[24.437s] [ 96%] Built target turtlesim_s__rosidl_typesupport_fastrtps_c
[24.462s] [ 96%] Built target turtlesim_s__rosidl_typesupport_c
[26.258s] [ 97%] [32m[1mLinking CXX executable turtle_teleop_key[0m
[27.838s] [ 98%] [32m[1mLinking CXX executable mimic[0m
[27.879s] [ 98%] Built target turtle_teleop_key
[28.499s] [ 99%] [32m[1mLinking CXX executable draw_square[0m
[29.381s] [ 99%] Built target mimic
[30.196s] [ 99%] Built target draw_square
[31.101s] [100%] [32m[1mLinking CXX executable turtlesim_node[0m
[35.174s] [100%] Built target turtlesim_node
[35.347s] Invoked command in '/mnt/d/ROS2/ros2_ws/build/turtlesim' returned '0': CMAKE_PREFIX_PATH=${CMAKE_PREFIX_PATH}:/opt/ros/jazzy /usr/bin/cmake --build /mnt/d/ROS2/ros2_ws/build/turtlesim -- -j20 -l20
[35.395s] Invoking command in '/mnt/d/ROS2/ros2_ws/build/turtlesim': CMAKE_PREFIX_PATH=${CMAKE_PREFIX_PATH}:/opt/ros/jazzy /usr/bin/cmake --install /mnt/d/ROS2/ros2_ws/build/turtlesim
[35.430s] -- Install configuration: ""
[35.448s] -- Installing: /mnt/d/ROS2/ros2_ws/install/turtlesim/share/ament_index/resource_index/rosidl_interfaces/turtlesim
[35.498s] -- Installing: /mnt/d/ROS2/ros2_ws/install/turtlesim/share/turtlesim/action/RotateAbsolute.json
[35.544s] -- Installing: /mnt/d/ROS2/ros2_ws/install/turtlesim/share/turtlesim/msg/Color.json
[35.595s] -- Installing: /mnt/d/ROS2/ros2_ws/install/turtlesim/share/turtlesim/msg/Pose.json
[35.650s] -- Installing: /mnt/d/ROS2/ros2_ws/install/turtlesim/share/turtlesim/srv/Kill.json
[35.699s] -- Installing: /mnt/d/ROS2/ros2_ws/install/turtlesim/share/turtlesim/srv/SetPen.json
[35.750s] -- Installing: /mnt/d/ROS2/ros2_ws/install/turtlesim/share/turtlesim/srv/Spawn.json
[35.796s] -- Installing: /mnt/d/ROS2/ros2_ws/install/turtlesim/share/turtlesim/srv/TeleportAbsolute.json
[35.850s] -- Installing: /mnt/d/ROS2/ros2_ws/install/turtlesim/share/turtlesim/srv/TeleportRelative.json
[35.888s] -- Installing: /mnt/d/ROS2/ros2_ws/install/turtlesim/include/turtlesim/turtlesim
[35.900s] -- Installing: /mnt/d/ROS2/ros2_ws/install/turtlesim/include/turtlesim/turtlesim/action
[35.917s] -- Installing: /mnt/d/ROS2/ros2_ws/install/turtlesim/include/turtlesim/turtlesim/action/detail
[35.939s] -- Installing: /mnt/d/ROS2/ros2_ws/install/turtlesim/include/turtlesim/turtlesim/action/detail/rotate_absolute__description.c
[36.008s] -- Installing: /mnt/d/ROS2/ros2_ws/install/turtlesim/include/turtlesim/turtlesim/action/detail/rotate_absolute__functions.c
[36.078s] -- Installing: /mnt/d/ROS2/ros2_ws/install/turtlesim/include/turtlesim/turtlesim/action/detail/rotate_absolute__functions.h
[36.128s] -- Installing: /mnt/d/ROS2/ros2_ws/install/turtlesim/include/turtlesim/turtlesim/action/detail/rotate_absolute__struct.h
[36.171s] -- Installing: /mnt/d/ROS2/ros2_ws/install/turtlesim/include/turtlesim/turtlesim/action/detail/rotate_absolute__type_support.c
[36.234s] -- Installing: /mnt/d/ROS2/ros2_ws/install/turtlesim/include/turtlesim/turtlesim/action/detail/rotate_absolute__type_support.h
[36.278s] -- Installing: /mnt/d/ROS2/ros2_ws/install/turtlesim/include/turtlesim/turtlesim/action/rotate_absolute.h
[36.328s] -- Installing: /mnt/d/ROS2/ros2_ws/install/turtlesim/include/turtlesim/turtlesim/msg
[36.351s] -- Installing: /mnt/d/ROS2/ros2_ws/install/turtlesim/include/turtlesim/turtlesim/msg/color.h
[36.391s] -- Installing: /mnt/d/ROS2/ros2_ws/install/turtlesim/include/turtlesim/turtlesim/msg/detail
[36.415s] -- Installing: /mnt/d/ROS2/ros2_ws/install/turtlesim/include/turtlesim/turtlesim/msg/detail/color__description.c
[36.493s] -- Installing: /mnt/d/ROS2/ros2_ws/install/turtlesim/include/turtlesim/turtlesim/msg/detail/color__functions.c
[36.555s] -- Installing: /mnt/d/ROS2/ros2_ws/install/turtlesim/include/turtlesim/turtlesim/msg/detail/color__functions.h
[36.608s] -- Installing: /mnt/d/ROS2/ros2_ws/install/turtlesim/include/turtlesim/turtlesim/msg/detail/color__struct.h
[36.656s] -- Installing: /mnt/d/ROS2/ros2_ws/install/turtlesim/include/turtlesim/turtlesim/msg/detail/color__type_support.c
[36.699s] -- Installing: /mnt/d/ROS2/ros2_ws/install/turtlesim/include/turtlesim/turtlesim/msg/detail/color__type_support.h
[36.744s] -- Installing: /mnt/d/ROS2/ros2_ws/install/turtlesim/include/turtlesim/turtlesim/msg/detail/pose__description.c
[36.804s] -- Installing: /mnt/d/ROS2/ros2_ws/install/turtlesim/include/turtlesim/turtlesim/msg/detail/pose__functions.c
[36.863s] -- Installing: /mnt/d/ROS2/ros2_ws/install/turtlesim/include/turtlesim/turtlesim/msg/detail/pose__functions.h
[36.911s] -- Installing: /mnt/d/ROS2/ros2_ws/install/turtlesim/include/turtlesim/turtlesim/msg/detail/pose__struct.h
[36.958s] -- Installing: /mnt/d/ROS2/ros2_ws/install/turtlesim/include/turtlesim/turtlesim/msg/detail/pose__type_support.c
[37.005s] -- Installing: /mnt/d/ROS2/ros2_ws/install/turtlesim/include/turtlesim/turtlesim/msg/detail/pose__type_support.h
[37.051s] -- Installing: /mnt/d/ROS2/ros2_ws/install/turtlesim/include/turtlesim/turtlesim/msg/pose.h
[37.093s] -- Installing: /mnt/d/ROS2/ros2_ws/install/turtlesim/include/turtlesim/turtlesim/msg/rosidl_generator_c__visibility_control.h
[37.134s] -- Installing: /mnt/d/ROS2/ros2_ws/install/turtlesim/include/turtlesim/turtlesim/srv
[37.155s] -- Installing: /mnt/d/ROS2/ros2_ws/install/turtlesim/include/turtlesim/turtlesim/srv/detail
[37.177s] -- Installing: /mnt/d/ROS2/ros2_ws/install/turtlesim/include/turtlesim/turtlesim/srv/detail/kill__description.c
[37.238s] -- Installing: /mnt/d/ROS2/ros2_ws/install/turtlesim/include/turtlesim/turtlesim/srv/detail/kill__functions.c
[37.294s] -- Installing: /mnt/d/ROS2/ros2_ws/install/turtlesim/include/turtlesim/turtlesim/srv/detail/kill__functions.h
[37.339s] -- Installing: /mnt/d/ROS2/ros2_ws/install/turtlesim/include/turtlesim/turtlesim/srv/detail/kill__struct.h
[37.382s] -- Installing: /mnt/d/ROS2/ros2_ws/install/turtlesim/include/turtlesim/turtlesim/srv/detail/kill__type_support.c
[37.443s] -- Installing: /mnt/d/ROS2/ros2_ws/install/turtlesim/include/turtlesim/turtlesim/srv/detail/kill__type_support.h
[37.488s] -- Installing: /mnt/d/ROS2/ros2_ws/install/turtlesim/include/turtlesim/turtlesim/srv/detail/set_pen__description.c
[37.542s] -- Installing: /mnt/d/ROS2/ros2_ws/install/turtlesim/include/turtlesim/turtlesim/srv/detail/set_pen__functions.c
[37.597s] -- Installing: /mnt/d/ROS2/ros2_ws/install/turtlesim/include/turtlesim/turtlesim/srv/detail/set_pen__functions.h
[37.644s] -- Installing: /mnt/d/ROS2/ros2_ws/install/turtlesim/include/turtlesim/turtlesim/srv/detail/set_pen__struct.h
[37.688s] -- Installing: /mnt/d/ROS2/ros2_ws/install/turtlesim/include/turtlesim/turtlesim/srv/detail/set_pen__type_support.c
[37.772s] -- Installing: /mnt/d/ROS2/ros2_ws/install/turtlesim/include/turtlesim/turtlesim/srv/detail/set_pen__type_support.h
[37.815s] -- Installing: /mnt/d/ROS2/ros2_ws/install/turtlesim/include/turtlesim/turtlesim/srv/detail/spawn__description.c
[37.879s] -- Installing: /mnt/d/ROS2/ros2_ws/install/turtlesim/include/turtlesim/turtlesim/srv/detail/spawn__functions.c
[37.942s] -- Installing: /mnt/d/ROS2/ros2_ws/install/turtlesim/include/turtlesim/turtlesim/srv/detail/spawn__functions.h
[37.990s] -- Installing: /mnt/d/ROS2/ros2_ws/install/turtlesim/include/turtlesim/turtlesim/srv/detail/spawn__struct.h
[38.040s] -- Installing: /mnt/d/ROS2/ros2_ws/install/turtlesim/include/turtlesim/turtlesim/srv/detail/spawn__type_support.c
[38.102s] -- Installing: /mnt/d/ROS2/ros2_ws/install/turtlesim/include/turtlesim/turtlesim/srv/detail/spawn__type_support.h
[38.149s] -- Installing: /mnt/d/ROS2/ros2_ws/install/turtlesim/include/turtlesim/turtlesim/srv/detail/teleport_absolute__description.c
[38.209s] -- Installing: /mnt/d/ROS2/ros2_ws/install/turtlesim/include/turtlesim/turtlesim/srv/detail/teleport_absolute__functions.c
[38.262s] -- Installing: /mnt/d/ROS2/ros2_ws/install/turtlesim/include/turtlesim/turtlesim/srv/detail/teleport_absolute__functions.h
[38.306s] -- Installing: /mnt/d/ROS2/ros2_ws/install/turtlesim/include/turtlesim/turtlesim/srv/detail/teleport_absolute__struct.h
[38.350s] -- Installing: /mnt/d/ROS2/ros2_ws/install/turtlesim/include/turtlesim/turtlesim/srv/detail/teleport_absolute__type_support.c
[38.416s] -- Installing: /mnt/d/ROS2/ros2_ws/install/turtlesim/include/turtlesim/turtlesim/srv/detail/teleport_absolute__type_support.h
[38.460s] -- Installing: /mnt/d/ROS2/ros2_ws/install/turtlesim/include/turtlesim/turtlesim/srv/detail/teleport_relative__description.c
[38.530s] -- Installing: /mnt/d/ROS2/ros2_ws/install/turtlesim/include/turtlesim/turtlesim/srv/detail/teleport_relative__functions.c
[38.590s] -- Installing: /mnt/d/ROS2/ros2_ws/install/turtlesim/include/turtlesim/turtlesim/srv/detail/teleport_relative__functions.h
[38.648s] -- Installing: /mnt/d/ROS2/ros2_ws/install/turtlesim/include/turtlesim/turtlesim/srv/detail/teleport_relative__struct.h
[38.693s] -- Installing: /mnt/d/ROS2/ros2_ws/install/turtlesim/include/turtlesim/turtlesim/srv/detail/teleport_relative__type_support.c
[38.759s] -- Installing: /mnt/d/ROS2/ros2_ws/install/turtlesim/include/turtlesim/turtlesim/srv/detail/teleport_relative__type_support.h
[38.800s] -- Installing: /mnt/d/ROS2/ros2_ws/install/turtlesim/include/turtlesim/turtlesim/srv/kill.h
[38.838s] -- Installing: /mnt/d/ROS2/ros2_ws/install/turtlesim/include/turtlesim/turtlesim/srv/set_pen.h
[38.875s] -- Installing: /mnt/d/ROS2/ros2_ws/install/turtlesim/include/turtlesim/turtlesim/srv/spawn.h
[38.914s] -- Installing: /mnt/d/ROS2/ros2_ws/install/turtlesim/include/turtlesim/turtlesim/srv/teleport_absolute.h
[38.953s] -- Installing: /mnt/d/ROS2/ros2_ws/install/turtlesim/include/turtlesim/turtlesim/srv/teleport_relative.h
[38.991s] -- Installing: /mnt/d/ROS2/ros2_ws/install/turtlesim/share/turtlesim/environment/library_path.sh
[39.021s] -- Installing: /mnt/d/ROS2/ros2_ws/install/turtlesim/share/turtlesim/environment/library_path.dsv
[39.054s] -- Installing: /mnt/d/ROS2/ros2_ws/install/turtlesim/lib/libturtlesim__rosidl_generator_c.so
[39.110s] -- Set non-toolchain portion of runtime path of "/mnt/d/ROS2/ros2_ws/install/turtlesim/lib/libturtlesim__rosidl_generator_c.so" to ""
[39.117s] -- Up-to-date: /mnt/d/ROS2/ros2_ws/install/turtlesim/include/turtlesim/turtlesim
[39.129s] -- Up-to-date: /mnt/d/ROS2/ros2_ws/install/turtlesim/include/turtlesim/turtlesim/action
[39.143s] -- Up-to-date: /mnt/d/ROS2/ros2_ws/install/turtlesim/include/turtlesim/turtlesim/action/detail
[39.160s] -- Installing: /mnt/d/ROS2/ros2_ws/install/turtlesim/include/turtlesim/turtlesim/action/detail/rotate_absolute__rosidl_typesupport_fastrtps_c.h
[39.212s] -- Up-to-date: /mnt/d/ROS2/ros2_ws/install/turtlesim/include/turtlesim/turtlesim/msg
[39.226s] -- Up-to-date: /mnt/d/ROS2/ros2_ws/install/turtlesim/include/turtlesim/turtlesim/msg/detail
[39.244s] -- Installing: /mnt/d/ROS2/ros2_ws/install/turtlesim/include/turtlesim/turtlesim/msg/detail/color__rosidl_typesupport_fastrtps_c.h
[39.304s] -- Installing: /mnt/d/ROS2/ros2_ws/install/turtlesim/include/turtlesim/turtlesim/msg/detail/pose__rosidl_typesupport_fastrtps_c.h
[39.381s] -- Installing: /mnt/d/ROS2/ros2_ws/install/turtlesim/include/turtlesim/turtlesim/msg/rosidl_typesupport_fastrtps_c__visibility_control.h
[39.467s] -- Up-to-date: /mnt/d/ROS2/ros2_ws/install/turtlesim/include/turtlesim/turtlesim/srv
[39.487s] -- Up-to-date: /mnt/d/ROS2/ros2_ws/install/turtlesim/include/turtlesim/turtlesim/srv/detail
[39.503s] -- Installing: /mnt/d/ROS2/ros2_ws/install/turtlesim/include/turtlesim/turtlesim/srv/detail/kill__rosidl_typesupport_fastrtps_c.h
[39.566s] -- Installing: /mnt/d/ROS2/ros2_ws/install/turtlesim/include/turtlesim/turtlesim/srv/detail/set_pen__rosidl_typesupport_fastrtps_c.h
[39.627s] -- Installing: /mnt/d/ROS2/ros2_ws/install/turtlesim/include/turtlesim/turtlesim/srv/detail/spawn__rosidl_typesupport_fastrtps_c.h
[39.675s] -- Installing: /mnt/d/ROS2/ros2_ws/install/turtlesim/include/turtlesim/turtlesim/srv/detail/teleport_absolute__rosidl_typesupport_fastrtps_c.h
[39.734s] -- Installing: /mnt/d/ROS2/ros2_ws/install/turtlesim/include/turtlesim/turtlesim/srv/detail/teleport_relative__rosidl_typesupport_fastrtps_c.h
[39.778s] -- Installing: /mnt/d/ROS2/ros2_ws/install/turtlesim/lib/libturtlesim__rosidl_typesupport_fastrtps_c.so
[39.849s] -- Set non-toolchain portion of runtime path of "/mnt/d/ROS2/ros2_ws/install/turtlesim/lib/libturtlesim__rosidl_typesupport_fastrtps_c.so" to ""
[39.855s] -- Up-to-date: /mnt/d/ROS2/ros2_ws/install/turtlesim/include/turtlesim/turtlesim
[39.866s] -- Up-to-date: /mnt/d/ROS2/ros2_ws/install/turtlesim/include/turtlesim/turtlesim/action
[39.879s] -- Up-to-date: /mnt/d/ROS2/ros2_ws/install/turtlesim/include/turtlesim/turtlesim/action/detail
[39.895s] -- Installing: /mnt/d/ROS2/ros2_ws/install/turtlesim/include/turtlesim/turtlesim/action/detail/rotate_absolute__builder.hpp
[39.952s] -- Installing: /mnt/d/ROS2/ros2_ws/install/turtlesim/include/turtlesim/turtlesim/action/detail/rotate_absolute__struct.hpp
[40.011s] -- Installing: /mnt/d/ROS2/ros2_ws/install/turtlesim/include/turtlesim/turtlesim/action/detail/rotate_absolute__traits.hpp
[40.066s] -- Installing: /mnt/d/ROS2/ros2_ws/install/turtlesim/include/turtlesim/turtlesim/action/detail/rotate_absolute__type_support.hpp
[40.124s] -- Installing: /mnt/d/ROS2/ros2_ws/install/turtlesim/include/turtlesim/turtlesim/action/rotate_absolute.hpp
[40.161s] -- Up-to-date: /mnt/d/ROS2/ros2_ws/install/turtlesim/include/turtlesim/turtlesim/msg
[40.176s] -- Installing: /mnt/d/ROS2/ros2_ws/install/turtlesim/include/turtlesim/turtlesim/msg/color.hpp
[40.215s] -- Up-to-date: /mnt/d/ROS2/ros2_ws/install/turtlesim/include/turtlesim/turtlesim/msg/detail
[40.232s] -- Installing: /mnt/d/ROS2/ros2_ws/install/turtlesim/include/turtlesim/turtlesim/msg/detail/color__builder.hpp
[40.290s] -- Installing: /mnt/d/ROS2/ros2_ws/install/turtlesim/include/turtlesim/turtlesim/msg/detail/color__struct.hpp
[40.345s] -- Installing: /mnt/d/ROS2/ros2_ws/install/turtlesim/include/turtlesim/turtlesim/msg/detail/color__traits.hpp
[40.390s] -- Installing: /mnt/d/ROS2/ros2_ws/install/turtlesim/include/turtlesim/turtlesim/msg/detail/color__type_support.hpp
[40.446s] -- Installing: /mnt/d/ROS2/ros2_ws/install/turtlesim/include/turtlesim/turtlesim/msg/detail/pose__builder.hpp
[40.511s] -- Installing: /mnt/d/ROS2/ros2_ws/install/turtlesim/include/turtlesim/turtlesim/msg/detail/pose__struct.hpp
[40.580s] -- Installing: /mnt/d/ROS2/ros2_ws/install/turtlesim/include/turtlesim/turtlesim/msg/detail/pose__traits.hpp
[40.648s] -- Installing: /mnt/d/ROS2/ros2_ws/install/turtlesim/include/turtlesim/turtlesim/msg/detail/pose__type_support.hpp
[40.703s] -- Installing: /mnt/d/ROS2/ros2_ws/install/turtlesim/include/turtlesim/turtlesim/msg/pose.hpp
[40.742s] -- Installing: /mnt/d/ROS2/ros2_ws/install/turtlesim/include/turtlesim/turtlesim/msg/rosidl_generator_cpp__visibility_control.hpp
[40.790s] -- Up-to-date: /mnt/d/ROS2/ros2_ws/install/turtlesim/include/turtlesim/turtlesim/srv
[40.804s] -- Up-to-date: /mnt/d/ROS2/ros2_ws/install/turtlesim/include/turtlesim/turtlesim/srv/detail
[40.820s] -- Installing: /mnt/d/ROS2/ros2_ws/install/turtlesim/include/turtlesim/turtlesim/srv/detail/kill__builder.hpp
[40.880s] -- Installing: /mnt/d/ROS2/ros2_ws/install/turtlesim/include/turtlesim/turtlesim/srv/detail/kill__struct.hpp
[40.931s] -- Installing: /mnt/d/ROS2/ros2_ws/install/turtlesim/include/turtlesim/turtlesim/srv/detail/kill__traits.hpp
[40.976s] -- Installing: /mnt/d/ROS2/ros2_ws/install/turtlesim/include/turtlesim/turtlesim/srv/detail/kill__type_support.hpp
[41.019s] -- Installing: /mnt/d/ROS2/ros2_ws/install/turtlesim/include/turtlesim/turtlesim/srv/detail/set_pen__builder.hpp
[41.082s] -- Installing: /mnt/d/ROS2/ros2_ws/install/turtlesim/include/turtlesim/turtlesim/srv/detail/set_pen__struct.hpp
[41.141s] -- Installing: /mnt/d/ROS2/ros2_ws/install/turtlesim/include/turtlesim/turtlesim/srv/detail/set_pen__traits.hpp
[41.216s] -- Installing: /mnt/d/ROS2/ros2_ws/install/turtlesim/include/turtlesim/turtlesim/srv/detail/set_pen__type_support.hpp
[41.272s] -- Installing: /mnt/d/ROS2/ros2_ws/install/turtlesim/include/turtlesim/turtlesim/srv/detail/spawn__builder.hpp
[41.329s] -- Installing: /mnt/d/ROS2/ros2_ws/install/turtlesim/include/turtlesim/turtlesim/srv/detail/spawn__struct.hpp
[41.376s] -- Installing: /mnt/d/ROS2/ros2_ws/install/turtlesim/include/turtlesim/turtlesim/srv/detail/spawn__traits.hpp
[41.443s] -- Installing: /mnt/d/ROS2/ros2_ws/install/turtlesim/include/turtlesim/turtlesim/srv/detail/spawn__type_support.hpp
[41.494s] -- Installing: /mnt/d/ROS2/ros2_ws/install/turtlesim/include/turtlesim/turtlesim/srv/detail/teleport_absolute__builder.hpp
[41.539s] -- Installing: /mnt/d/ROS2/ros2_ws/install/turtlesim/include/turtlesim/turtlesim/srv/detail/teleport_absolute__struct.hpp
[41.581s] -- Installing: /mnt/d/ROS2/ros2_ws/install/turtlesim/include/turtlesim/turtlesim/srv/detail/teleport_absolute__traits.hpp
[41.639s] -- Installing: /mnt/d/ROS2/ros2_ws/install/turtlesim/include/turtlesim/turtlesim/srv/detail/teleport_absolute__type_support.hpp
[41.696s] -- Installing: /mnt/d/ROS2/ros2_ws/install/turtlesim/include/turtlesim/turtlesim/srv/detail/teleport_relative__builder.hpp
[41.741s] -- Installing: /mnt/d/ROS2/ros2_ws/install/turtlesim/include/turtlesim/turtlesim/srv/detail/teleport_relative__struct.hpp
[41.789s] -- Installing: /mnt/d/ROS2/ros2_ws/install/turtlesim/include/turtlesim/turtlesim/srv/detail/teleport_relative__traits.hpp
[41.848s] -- Installing: /mnt/d/ROS2/ros2_ws/install/turtlesim/include/turtlesim/turtlesim/srv/detail/teleport_relative__type_support.hpp
[41.892s] -- Installing: /mnt/d/ROS2/ros2_ws/install/turtlesim/include/turtlesim/turtlesim/srv/kill.hpp
[41.945s] -- Installing: /mnt/d/ROS2/ros2_ws/install/turtlesim/include/turtlesim/turtlesim/srv/set_pen.hpp
[41.985s] -- Installing: /mnt/d/ROS2/ros2_ws/install/turtlesim/include/turtlesim/turtlesim/srv/spawn.hpp
[42.027s] -- Installing: /mnt/d/ROS2/ros2_ws/install/turtlesim/include/turtlesim/turtlesim/srv/teleport_absolute.hpp
[42.066s] -- Installing: /mnt/d/ROS2/ros2_ws/install/turtlesim/include/turtlesim/turtlesim/srv/teleport_relative.hpp
[42.103s] -- Up-to-date: /mnt/d/ROS2/ros2_ws/install/turtlesim/include/turtlesim/turtlesim
[42.115s] -- Up-to-date: /mnt/d/ROS2/ros2_ws/install/turtlesim/include/turtlesim/turtlesim/action
[42.130s] -- Up-to-date: /mnt/d/ROS2/ros2_ws/install/turtlesim/include/turtlesim/turtlesim/action/detail
[42.145s] -- Installing: /mnt/d/ROS2/ros2_ws/install/turtlesim/include/turtlesim/turtlesim/action/detail/dds_fastrtps
[42.169s] -- Installing: /mnt/d/ROS2/ros2_ws/install/turtlesim/include/turtlesim/turtlesim/action/detail/rotate_absolute__rosidl_typesupport_fastrtps_cpp.hpp
[42.217s] -- Up-to-date: /mnt/d/ROS2/ros2_ws/install/turtlesim/include/turtlesim/turtlesim/msg
[42.232s] -- Up-to-date: /mnt/d/ROS2/ros2_ws/install/turtlesim/include/turtlesim/turtlesim/msg/detail
[42.249s] -- Installing: /mnt/d/ROS2/ros2_ws/install/turtlesim/include/turtlesim/turtlesim/msg/detail/color__rosidl_typesupport_fastrtps_cpp.hpp
[42.307s] -- Installing: /mnt/d/ROS2/ros2_ws/install/turtlesim/include/turtlesim/turtlesim/msg/detail/dds_fastrtps
[42.330s] -- Installing: /mnt/d/ROS2/ros2_ws/install/turtlesim/include/turtlesim/turtlesim/msg/detail/pose__rosidl_typesupport_fastrtps_cpp.hpp
[42.394s] -- Installing: /mnt/d/ROS2/ros2_ws/install/turtlesim/include/turtlesim/turtlesim/msg/rosidl_typesupport_fastrtps_cpp__visibility_control.h
[42.441s] -- Up-to-date: /mnt/d/ROS2/ros2_ws/install/turtlesim/include/turtlesim/turtlesim/srv
[42.455s] -- Up-to-date: /mnt/d/ROS2/ros2_ws/install/turtlesim/include/turtlesim/turtlesim/srv/detail
[42.470s] -- Installing: /mnt/d/ROS2/ros2_ws/install/turtlesim/include/turtlesim/turtlesim/srv/detail/dds_fastrtps
[42.494s] -- Installing: /mnt/d/ROS2/ros2_ws/install/turtlesim/include/turtlesim/turtlesim/srv/detail/kill__rosidl_typesupport_fastrtps_cpp.hpp
[42.560s] -- Installing: /mnt/d/ROS2/ros2_ws/install/turtlesim/include/turtlesim/turtlesim/srv/detail/set_pen__rosidl_typesupport_fastrtps_cpp.hpp
[42.607s] -- Installing: /mnt/d/ROS2/ros2_ws/install/turtlesim/include/turtlesim/turtlesim/srv/detail/spawn__rosidl_typesupport_fastrtps_cpp.hpp
[42.663s] -- Installing: /mnt/d/ROS2/ros2_ws/install/turtlesim/include/turtlesim/turtlesim/srv/detail/teleport_absolute__rosidl_typesupport_fastrtps_cpp.hpp
[42.715s] -- Installing: /mnt/d/ROS2/ros2_ws/install/turtlesim/include/turtlesim/turtlesim/srv/detail/teleport_relative__rosidl_typesupport_fastrtps_cpp.hpp
[42.763s] -- Installing: /mnt/d/ROS2/ros2_ws/install/turtlesim/lib/libturtlesim__rosidl_typesupport_fastrtps_cpp.so
[42.853s] -- Set non-toolchain portion of runtime path of "/mnt/d/ROS2/ros2_ws/install/turtlesim/lib/libturtlesim__rosidl_typesupport_fastrtps_cpp.so" to ""
[42.860s] -- Up-to-date: /mnt/d/ROS2/ros2_ws/install/turtlesim/include/turtlesim/turtlesim
[42.872s] -- Up-to-date: /mnt/d/ROS2/ros2_ws/install/turtlesim/include/turtlesim/turtlesim/action
[42.887s] -- Up-to-date: /mnt/d/ROS2/ros2_ws/install/turtlesim/include/turtlesim/turtlesim/action/detail
[42.904s] -- Installing: /mnt/d/ROS2/ros2_ws/install/turtlesim/include/turtlesim/turtlesim/action/detail/rotate_absolute__rosidl_typesupport_introspection_c.h
[42.952s] -- Installing: /mnt/d/ROS2/ros2_ws/install/turtlesim/include/turtlesim/turtlesim/action/detail/rotate_absolute__type_support.c
[43.011s] -- Up-to-date: /mnt/d/ROS2/ros2_ws/install/turtlesim/include/turtlesim/turtlesim/msg
[43.027s] -- Up-to-date: /mnt/d/ROS2/ros2_ws/install/turtlesim/include/turtlesim/turtlesim/msg/detail
[43.044s] -- Installing: /mnt/d/ROS2/ros2_ws/install/turtlesim/include/turtlesim/turtlesim/msg/detail/color__rosidl_typesupport_introspection_c.h
[43.091s] -- Installing: /mnt/d/ROS2/ros2_ws/install/turtlesim/include/turtlesim/turtlesim/msg/detail/color__type_support.c
[43.156s] -- Installing: /mnt/d/ROS2/ros2_ws/install/turtlesim/include/turtlesim/turtlesim/msg/detail/pose__rosidl_typesupport_introspection_c.h
[43.204s] -- Installing: /mnt/d/ROS2/ros2_ws/install/turtlesim/include/turtlesim/turtlesim/msg/detail/pose__type_support.c
[43.267s] -- Installing: /mnt/d/ROS2/ros2_ws/install/turtlesim/include/turtlesim/turtlesim/msg/rosidl_typesupport_introspection_c__visibility_control.h
[43.329s] -- Up-to-date: /mnt/d/ROS2/ros2_ws/install/turtlesim/include/turtlesim/turtlesim/srv
[43.345s] -- Up-to-date: /mnt/d/ROS2/ros2_ws/install/turtlesim/include/turtlesim/turtlesim/srv/detail
[43.362s] -- Installing: /mnt/d/ROS2/ros2_ws/install/turtlesim/include/turtlesim/turtlesim/srv/detail/kill__rosidl_typesupport_introspection_c.h
[43.420s] -- Installing: /mnt/d/ROS2/ros2_ws/install/turtlesim/include/turtlesim/turtlesim/srv/detail/kill__type_support.c
[43.472s] -- Installing: /mnt/d/ROS2/ros2_ws/install/turtlesim/include/turtlesim/turtlesim/srv/detail/set_pen__rosidl_typesupport_introspection_c.h
[43.535s] -- Installing: /mnt/d/ROS2/ros2_ws/install/turtlesim/include/turtlesim/turtlesim/srv/detail/set_pen__type_support.c
[43.593s] -- Installing: /mnt/d/ROS2/ros2_ws/install/turtlesim/include/turtlesim/turtlesim/srv/detail/spawn__rosidl_typesupport_introspection_c.h
[43.666s] -- Installing: /mnt/d/ROS2/ros2_ws/install/turtlesim/include/turtlesim/turtlesim/srv/detail/spawn__type_support.c
[43.712s] -- Installing: /mnt/d/ROS2/ros2_ws/install/turtlesim/include/turtlesim/turtlesim/srv/detail/teleport_absolute__rosidl_typesupport_introspection_c.h
[43.769s] -- Installing: /mnt/d/ROS2/ros2_ws/install/turtlesim/include/turtlesim/turtlesim/srv/detail/teleport_absolute__type_support.c
[43.821s] -- Installing: /mnt/d/ROS2/ros2_ws/install/turtlesim/include/turtlesim/turtlesim/srv/detail/teleport_relative__rosidl_typesupport_introspection_c.h
[43.869s] -- Installing: /mnt/d/ROS2/ros2_ws/install/turtlesim/include/turtlesim/turtlesim/srv/detail/teleport_relative__type_support.c
[43.916s] -- Installing: /mnt/d/ROS2/ros2_ws/install/turtlesim/lib/libturtlesim__rosidl_typesupport_introspection_c.so
[43.989s] -- Set non-toolchain portion of runtime path of "/mnt/d/ROS2/ros2_ws/install/turtlesim/lib/libturtlesim__rosidl_typesupport_introspection_c.so" to ""
[43.997s] -- Installing: /mnt/d/ROS2/ros2_ws/install/turtlesim/lib/libturtlesim__rosidl_typesupport_c.so
[44.071s] -- Set non-toolchain portion of runtime path of "/mnt/d/ROS2/ros2_ws/install/turtlesim/lib/libturtlesim__rosidl_typesupport_c.so" to ""
[44.078s] -- Up-to-date: /mnt/d/ROS2/ros2_ws/install/turtlesim/include/turtlesim/turtlesim
[44.091s] -- Up-to-date: /mnt/d/ROS2/ros2_ws/install/turtlesim/include/turtlesim/turtlesim/action
[44.105s] -- Up-to-date: /mnt/d/ROS2/ros2_ws/install/turtlesim/include/turtlesim/turtlesim/action/detail
[44.123s] -- Installing: /mnt/d/ROS2/ros2_ws/install/turtlesim/include/turtlesim/turtlesim/action/detail/rotate_absolute__rosidl_typesupport_introspection_cpp.hpp
[44.170s] -- Installing: /mnt/d/ROS2/ros2_ws/install/turtlesim/include/turtlesim/turtlesim/action/detail/rotate_absolute__type_support.cpp
[44.235s] -- Up-to-date: /mnt/d/ROS2/ros2_ws/install/turtlesim/include/turtlesim/turtlesim/msg
[44.250s] -- Up-to-date: /mnt/d/ROS2/ros2_ws/install/turtlesim/include/turtlesim/turtlesim/msg/detail
[44.267s] -- Installing: /mnt/d/ROS2/ros2_ws/install/turtlesim/include/turtlesim/turtlesim/msg/detail/color__rosidl_typesupport_introspection_cpp.hpp
[44.318s] -- Installing: /mnt/d/ROS2/ros2_ws/install/turtlesim/include/turtlesim/turtlesim/msg/detail/color__type_support.cpp
[44.364s] -- Installing: /mnt/d/ROS2/ros2_ws/install/turtlesim/include/turtlesim/turtlesim/msg/detail/pose__rosidl_typesupport_introspection_cpp.hpp
[44.409s] -- Installing: /mnt/d/ROS2/ros2_ws/install/turtlesim/include/turtlesim/turtlesim/msg/detail/pose__type_support.cpp
[44.453s] -- Up-to-date: /mnt/d/ROS2/ros2_ws/install/turtlesim/include/turtlesim/turtlesim/srv
[44.468s] -- Up-to-date: /mnt/d/ROS2/ros2_ws/install/turtlesim/include/turtlesim/turtlesim/srv/detail
[44.485s] -- Installing: /mnt/d/ROS2/ros2_ws/install/turtlesim/include/turtlesim/turtlesim/srv/detail/kill__rosidl_typesupport_introspection_cpp.hpp
[44.534s] -- Installing: /mnt/d/ROS2/ros2_ws/install/turtlesim/include/turtlesim/turtlesim/srv/detail/kill__type_support.cpp
[44.585s] -- Installing: /mnt/d/ROS2/ros2_ws/install/turtlesim/include/turtlesim/turtlesim/srv/detail/set_pen__rosidl_typesupport_introspection_cpp.hpp
[44.635s] -- Installing: /mnt/d/ROS2/ros2_ws/install/turtlesim/include/turtlesim/turtlesim/srv/detail/set_pen__type_support.cpp
[44.686s] -- Installing: /mnt/d/ROS2/ros2_ws/install/turtlesim/include/turtlesim/turtlesim/srv/detail/spawn__rosidl_typesupport_introspection_cpp.hpp
[44.744s] -- Installing: /mnt/d/ROS2/ros2_ws/install/turtlesim/include/turtlesim/turtlesim/srv/detail/spawn__type_support.cpp
[44.791s] -- Installing: /mnt/d/ROS2/ros2_ws/install/turtlesim/include/turtlesim/turtlesim/srv/detail/teleport_absolute__rosidl_typesupport_introspection_cpp.hpp
[44.839s] -- Installing: /mnt/d/ROS2/ros2_ws/install/turtlesim/include/turtlesim/turtlesim/srv/detail/teleport_absolute__type_support.cpp
[44.891s] -- Installing: /mnt/d/ROS2/ros2_ws/install/turtlesim/include/turtlesim/turtlesim/srv/detail/teleport_relative__rosidl_typesupport_introspection_cpp.hpp
[44.939s] -- Installing: /mnt/d/ROS2/ros2_ws/install/turtlesim/include/turtlesim/turtlesim/srv/detail/teleport_relative__type_support.cpp
[44.985s] -- Installing: /mnt/d/ROS2/ros2_ws/install/turtlesim/lib/libturtlesim__rosidl_typesupport_introspection_cpp.so
[45.072s] -- Set non-toolchain portion of runtime path of "/mnt/d/ROS2/ros2_ws/install/turtlesim/lib/libturtlesim__rosidl_typesupport_introspection_cpp.so" to ""
[45.080s] -- Installing: /mnt/d/ROS2/ros2_ws/install/turtlesim/lib/libturtlesim__rosidl_typesupport_cpp.so
[45.152s] -- Set non-toolchain portion of runtime path of "/mnt/d/ROS2/ros2_ws/install/turtlesim/lib/libturtlesim__rosidl_typesupport_cpp.so" to ""
[45.161s] -- Installing: /mnt/d/ROS2/ros2_ws/install/turtlesim/share/turtlesim/environment/pythonpath.sh
[45.192s] -- Installing: /mnt/d/ROS2/ros2_ws/install/turtlesim/share/turtlesim/environment/pythonpath.dsv
[45.219s] -- Installing: /mnt/d/ROS2/ros2_ws/install/turtlesim/lib/python3.12/site-packages/turtlesim-1.8.3-py3.12.egg-info
[45.237s] -- Installing: /mnt/d/ROS2/ros2_ws/install/turtlesim/lib/python3.12/site-packages/turtlesim-1.8.3-py3.12.egg-info/dependency_links.txt
[45.275s] -- Installing: /mnt/d/ROS2/ros2_ws/install/turtlesim/lib/python3.12/site-packages/turtlesim-1.8.3-py3.12.egg-info/PKG-INFO
[45.315s] -- Installing: /mnt/d/ROS2/ros2_ws/install/turtlesim/lib/python3.12/site-packages/turtlesim-1.8.3-py3.12.egg-info/SOURCES.txt
[45.357s] -- Installing: /mnt/d/ROS2/ros2_ws/install/turtlesim/lib/python3.12/site-packages/turtlesim-1.8.3-py3.12.egg-info/top_level.txt
[45.394s] -- Installing: /mnt/d/ROS2/ros2_ws/install/turtlesim/lib/python3.12/site-packages/turtlesim
[45.409s] -- Installing: /mnt/d/ROS2/ros2_ws/install/turtlesim/lib/python3.12/site-packages/turtlesim/action
[45.429s] -- Installing: /mnt/d/ROS2/ros2_ws/install/turtlesim/lib/python3.12/site-packages/turtlesim/action/_rotate_absolute.py
[45.502s] -- Installing: /mnt/d/ROS2/ros2_ws/install/turtlesim/lib/python3.12/site-packages/turtlesim/action/_rotate_absolute_s.c
[45.557s] -- Installing: /mnt/d/ROS2/ros2_ws/install/turtlesim/lib/python3.12/site-packages/turtlesim/action/__init__.py
[45.598s] -- Installing: /mnt/d/ROS2/ros2_ws/install/turtlesim/lib/python3.12/site-packages/turtlesim/msg
[45.616s] -- Installing: /mnt/d/ROS2/ros2_ws/install/turtlesim/lib/python3.12/site-packages/turtlesim/msg/_color.py
[45.672s] -- Installing: /mnt/d/ROS2/ros2_ws/install/turtlesim/lib/python3.12/site-packages/turtlesim/msg/_color_s.c
[45.729s] -- Installing: /mnt/d/ROS2/ros2_ws/install/turtlesim/lib/python3.12/site-packages/turtlesim/msg/_pose.py
[45.785s] -- Installing: /mnt/d/ROS2/ros2_ws/install/turtlesim/lib/python3.12/site-packages/turtlesim/msg/_pose_s.c
[45.843s] -- Installing: /mnt/d/ROS2/ros2_ws/install/turtlesim/lib/python3.12/site-packages/turtlesim/msg/__init__.py
[45.881s] -- Installing: /mnt/d/ROS2/ros2_ws/install/turtlesim/lib/python3.12/site-packages/turtlesim/srv
[45.899s] -- Installing: /mnt/d/ROS2/ros2_ws/install/turtlesim/lib/python3.12/site-packages/turtlesim/srv/_kill.py
[45.941s] -- Installing: /mnt/d/ROS2/ros2_ws/install/turtlesim/lib/python3.12/site-packages/turtlesim/srv/_kill_s.c
[45.985s] -- Installing: /mnt/d/ROS2/ros2_ws/install/turtlesim/lib/python3.12/site-packages/turtlesim/srv/_set_pen.py
[46.027s] -- Installing: /mnt/d/ROS2/ros2_ws/install/turtlesim/lib/python3.12/site-packages/turtlesim/srv/_set_pen_s.c
[46.069s] -- Installing: /mnt/d/ROS2/ros2_ws/install/turtlesim/lib/python3.12/site-packages/turtlesim/srv/_spawn.py
[46.116s] -- Installing: /mnt/d/ROS2/ros2_ws/install/turtlesim/lib/python3.12/site-packages/turtlesim/srv/_spawn_s.c
[46.162s] -- Installing: /mnt/d/ROS2/ros2_ws/install/turtlesim/lib/python3.12/site-packages/turtlesim/srv/_teleport_absolute.py
[46.209s] -- Installing: /mnt/d/ROS2/ros2_ws/install/turtlesim/lib/python3.12/site-packages/turtlesim/srv/_teleport_absolute_s.c
[46.256s] -- Installing: /mnt/d/ROS2/ros2_ws/install/turtlesim/lib/python3.12/site-packages/turtlesim/srv/_teleport_relative.py
[46.310s] -- Installing: /mnt/d/ROS2/ros2_ws/install/turtlesim/lib/python3.12/site-packages/turtlesim/srv/_teleport_relative_s.c
[46.362s] -- Installing: /mnt/d/ROS2/ros2_ws/install/turtlesim/lib/python3.12/site-packages/turtlesim/srv/__init__.py
[46.418s] -- Installing: /mnt/d/ROS2/ros2_ws/install/turtlesim/lib/python3.12/site-packages/turtlesim/turtlesim_s__rosidl_typesupport_c.so
[46.459s] -- Installing: /mnt/d/ROS2/ros2_ws/install/turtlesim/lib/python3.12/site-packages/turtlesim/turtlesim_s__rosidl_typesupport_fastrtps_c.so
[46.499s] -- Installing: /mnt/d/ROS2/ros2_ws/install/turtlesim/lib/python3.12/site-packages/turtlesim/turtlesim_s__rosidl_typesupport_introspection_c.so
[46.537s] -- Installing: /mnt/d/ROS2/ros2_ws/install/turtlesim/lib/python3.12/site-packages/turtlesim/_turtlesim_s.ep.rosidl_typesupport_c.c
[46.573s] -- Installing: /mnt/d/ROS2/ros2_ws/install/turtlesim/lib/python3.12/site-packages/turtlesim/_turtlesim_s.ep.rosidl_typesupport_fastrtps_c.c
[46.612s] -- Installing: /mnt/d/ROS2/ros2_ws/install/turtlesim/lib/python3.12/site-packages/turtlesim/_turtlesim_s.ep.rosidl_typesupport_introspection_c.c
[46.656s] -- Installing: /mnt/d/ROS2/ros2_ws/install/turtlesim/lib/python3.12/site-packages/turtlesim/__init__.py
[47.131s] Listing '/mnt/d/ROS2/ros2_ws/install/turtlesim/lib/python3.12/site-packages/turtlesim'...
[47.132s] Compiling '/mnt/d/ROS2/ros2_ws/install/turtlesim/lib/python3.12/site-packages/turtlesim/__init__.py'...
[47.132s] Listing '/mnt/d/ROS2/ros2_ws/install/turtlesim/lib/python3.12/site-packages/turtlesim/action'...
[47.132s] Compiling '/mnt/d/ROS2/ros2_ws/install/turtlesim/lib/python3.12/site-packages/turtlesim/action/__init__.py'...
[47.133s] Compiling '/mnt/d/ROS2/ros2_ws/install/turtlesim/lib/python3.12/site-packages/turtlesim/action/_rotate_absolute.py'...
[47.133s] Listing '/mnt/d/ROS2/ros2_ws/install/turtlesim/lib/python3.12/site-packages/turtlesim/msg'...
[47.133s] Compiling '/mnt/d/ROS2/ros2_ws/install/turtlesim/lib/python3.12/site-packages/turtlesim/msg/__init__.py'...
[47.134s] Compiling '/mnt/d/ROS2/ros2_ws/install/turtlesim/lib/python3.12/site-packages/turtlesim/msg/_color.py'...
[47.134s] Compiling '/mnt/d/ROS2/ros2_ws/install/turtlesim/lib/python3.12/site-packages/turtlesim/msg/_pose.py'...
[47.135s] Listing '/mnt/d/ROS2/ros2_ws/install/turtlesim/lib/python3.12/site-packages/turtlesim/srv'...
[47.135s] Compiling '/mnt/d/ROS2/ros2_ws/install/turtlesim/lib/python3.12/site-packages/turtlesim/srv/__init__.py'...
[47.135s] Compiling '/mnt/d/ROS2/ros2_ws/install/turtlesim/lib/python3.12/site-packages/turtlesim/srv/_kill.py'...
[47.136s] Compiling '/mnt/d/ROS2/ros2_ws/install/turtlesim/lib/python3.12/site-packages/turtlesim/srv/_set_pen.py'...
[47.136s] Compiling '/mnt/d/ROS2/ros2_ws/install/turtlesim/lib/python3.12/site-packages/turtlesim/srv/_spawn.py'...
[47.136s] Compiling '/mnt/d/ROS2/ros2_ws/install/turtlesim/lib/python3.12/site-packages/turtlesim/srv/_teleport_absolute.py'...
[47.137s] Compiling '/mnt/d/ROS2/ros2_ws/install/turtlesim/lib/python3.12/site-packages/turtlesim/srv/_teleport_relative.py'...
[47.160s] -- Installing: /mnt/d/ROS2/ros2_ws/install/turtlesim/lib/python3.12/site-packages/turtlesim/turtlesim_s__rosidl_typesupport_fastrtps_c.so
[47.217s] -- Set non-toolchain portion of runtime path of "/mnt/d/ROS2/ros2_ws/install/turtlesim/lib/python3.12/site-packages/turtlesim/turtlesim_s__rosidl_typesupport_fastrtps_c.so" to ""
[47.246s] -- Installing: /mnt/d/ROS2/ros2_ws/install/turtlesim/lib/python3.12/site-packages/turtlesim/turtlesim_s__rosidl_typesupport_introspection_c.so
[47.713s] -- Set non-toolchain portion of runtime path of "/mnt/d/ROS2/ros2_ws/install/turtlesim/lib/python3.12/site-packages/turtlesim/turtlesim_s__rosidl_typesupport_introspection_c.so" to ""
[47.743s] -- Installing: /mnt/d/ROS2/ros2_ws/install/turtlesim/lib/python3.12/site-packages/turtlesim/turtlesim_s__rosidl_typesupport_c.so
[47.796s] -- Set non-toolchain portion of runtime path of "/mnt/d/ROS2/ros2_ws/install/turtlesim/lib/python3.12/site-packages/turtlesim/turtlesim_s__rosidl_typesupport_c.so" to ""
[47.804s] -- Installing: /mnt/d/ROS2/ros2_ws/install/turtlesim/lib/libturtlesim__rosidl_generator_py.so
[47.845s] -- Set non-toolchain portion of runtime path of "/mnt/d/ROS2/ros2_ws/install/turtlesim/lib/libturtlesim__rosidl_generator_py.so" to ""
[47.857s] -- Installing: /mnt/d/ROS2/ros2_ws/install/turtlesim/share/turtlesim/action/RotateAbsolute.idl
[47.898s] -- Installing: /mnt/d/ROS2/ros2_ws/install/turtlesim/share/turtlesim/msg/Color.idl
[47.939s] -- Installing: /mnt/d/ROS2/ros2_ws/install/turtlesim/share/turtlesim/msg/Pose.idl
[47.987s] -- Installing: /mnt/d/ROS2/ros2_ws/install/turtlesim/share/turtlesim/srv/Kill.idl
[48.026s] -- Installing: /mnt/d/ROS2/ros2_ws/install/turtlesim/share/turtlesim/srv/SetPen.idl
[48.062s] -- Installing: /mnt/d/ROS2/ros2_ws/install/turtlesim/share/turtlesim/srv/Spawn.idl
[48.098s] -- Installing: /mnt/d/ROS2/ros2_ws/install/turtlesim/share/turtlesim/srv/TeleportAbsolute.idl
[48.139s] -- Installing: /mnt/d/ROS2/ros2_ws/install/turtlesim/share/turtlesim/srv/TeleportRelative.idl
[48.174s] -- Installing: /mnt/d/ROS2/ros2_ws/install/turtlesim/share/turtlesim/action/RotateAbsolute.action
[48.211s] -- Installing: /mnt/d/ROS2/ros2_ws/install/turtlesim/share/turtlesim/msg/Color.msg
[48.247s] -- Installing: /mnt/d/ROS2/ros2_ws/install/turtlesim/share/turtlesim/msg/Pose.msg
[48.285s] -- Installing: /mnt/d/ROS2/ros2_ws/install/turtlesim/share/turtlesim/srv/Kill.srv
[48.325s] -- Installing: /mnt/d/ROS2/ros2_ws/install/turtlesim/share/turtlesim/srv/SetPen.srv
[48.368s] -- Installing: /mnt/d/ROS2/ros2_ws/install/turtlesim/share/turtlesim/srv/Spawn.srv
[48.408s] -- Installing: /mnt/d/ROS2/ros2_ws/install/turtlesim/share/turtlesim/srv/TeleportAbsolute.srv
[48.447s] -- Installing: /mnt/d/ROS2/ros2_ws/install/turtlesim/share/turtlesim/srv/TeleportRelative.srv
[48.483s] -- Installing: /mnt/d/ROS2/ros2_ws/install/turtlesim/lib/turtlesim/turtlesim_node
[48.799s] -- Set non-toolchain portion of runtime path of "/mnt/d/ROS2/ros2_ws/install/turtlesim/lib/turtlesim/turtlesim_node" to ""
[48.809s] -- Installing: /mnt/d/ROS2/ros2_ws/install/turtlesim/lib/turtlesim/turtle_teleop_key
[48.884s] -- Set non-toolchain portion of runtime path of "/mnt/d/ROS2/ros2_ws/install/turtlesim/lib/turtlesim/turtle_teleop_key" to ""
[48.894s] -- Installing: /mnt/d/ROS2/ros2_ws/install/turtlesim/lib/turtlesim/draw_square
[49.025s] -- Set non-toolchain portion of runtime path of "/mnt/d/ROS2/ros2_ws/install/turtlesim/lib/turtlesim/draw_square" to ""
[49.035s] -- Installing: /mnt/d/ROS2/ros2_ws/install/turtlesim/lib/turtlesim/mimic
[49.151s] -- Set non-toolchain portion of runtime path of "/mnt/d/ROS2/ros2_ws/install/turtlesim/lib/turtlesim/mimic" to ""
[49.159s] -- Installing: /mnt/d/ROS2/ros2_ws/install/turtlesim/share/turtlesim/images
[49.174s] -- Installing: /mnt/d/ROS2/ros2_ws/install/turtlesim/share/turtlesim/images/ardent.png
[49.215s] -- Installing: /mnt/d/ROS2/ros2_ws/install/turtlesim/share/turtlesim/images/bouncy.png
[49.249s] -- Installing: /mnt/d/ROS2/ros2_ws/install/turtlesim/share/turtlesim/images/crystal.png
[49.284s] -- Installing: /mnt/d/ROS2/ros2_ws/install/turtlesim/share/turtlesim/images/dashing.png
[49.349s] -- Installing: /mnt/d/ROS2/ros2_ws/install/turtlesim/share/turtlesim/images/eloquent.png
[49.416s] -- Installing: /mnt/d/ROS2/ros2_ws/install/turtlesim/share/turtlesim/images/foxy.png
[49.484s] -- Installing: /mnt/d/ROS2/ros2_ws/install/turtlesim/share/turtlesim/images/galactic.png
[49.531s] -- Installing: /mnt/d/ROS2/ros2_ws/install/turtlesim/share/turtlesim/images/humble.png
[49.571s] -- Installing: /mnt/d/ROS2/ros2_ws/install/turtlesim/share/turtlesim/images/iron.png
[49.604s] -- Installing: /mnt/d/ROS2/ros2_ws/install/turtlesim/share/turtlesim/images/jazzy.png
[49.637s] -- Installing: /mnt/d/ROS2/ros2_ws/install/turtlesim/share/turtlesim/images/rolling.png
[49.668s] -- Installing: /mnt/d/ROS2/ros2_ws/install/turtlesim/share/turtlesim/launch
[49.683s] -- Installing: /mnt/d/ROS2/ros2_ws/install/turtlesim/share/turtlesim/launch/multisim.launch.py
[49.728s] -- Installing: /mnt/d/ROS2/ros2_ws/install/turtlesim/share/ament_index/resource_index/package_run_dependencies/turtlesim
[49.778s] -- Installing: /mnt/d/ROS2/ros2_ws/install/turtlesim/share/ament_index/resource_index/parent_prefix_path/turtlesim
[49.815s] -- Installing: /mnt/d/ROS2/ros2_ws/install/turtlesim/share/turtlesim/environment/ament_prefix_path.sh
[49.843s] -- Installing: /mnt/d/ROS2/ros2_ws/install/turtlesim/share/turtlesim/environment/ament_prefix_path.dsv
[49.885s] -- Installing: /mnt/d/ROS2/ros2_ws/install/turtlesim/share/turtlesim/environment/path.sh
[49.913s] -- Installing: /mnt/d/ROS2/ros2_ws/install/turtlesim/share/turtlesim/environment/path.dsv
[49.945s] -- Installing: /mnt/d/ROS2/ros2_ws/install/turtlesim/share/turtlesim/local_setup.bash
[50.114s] -- Installing: /mnt/d/ROS2/ros2_ws/install/turtlesim/share/turtlesim/local_setup.sh
[50.163s] -- Installing: /mnt/d/ROS2/ros2_ws/install/turtlesim/share/turtlesim/local_setup.zsh
[50.226s] -- Installing: /mnt/d/ROS2/ros2_ws/install/turtlesim/share/turtlesim/local_setup.dsv
[50.254s] -- Installing: /mnt/d/ROS2/ros2_ws/install/turtlesim/share/turtlesim/package.dsv
[50.292s] -- Installing: /mnt/d/ROS2/ros2_ws/install/turtlesim/share/ament_index/resource_index/packages/turtlesim
[50.349s] -- Installing: /mnt/d/ROS2/ros2_ws/install/turtlesim/share/turtlesim/cmake/export_turtlesim__rosidl_generator_cExport.cmake
[50.424s] -- Installing: /mnt/d/ROS2/ros2_ws/install/turtlesim/share/turtlesim/cmake/export_turtlesim__rosidl_generator_cExport-noconfig.cmake
[50.475s] -- Installing: /mnt/d/ROS2/ros2_ws/install/turtlesim/share/turtlesim/cmake/export_turtlesim__rosidl_typesupport_fastrtps_cExport.cmake
[50.525s] -- Installing: /mnt/d/ROS2/ros2_ws/install/turtlesim/share/turtlesim/cmake/export_turtlesim__rosidl_typesupport_fastrtps_cExport-noconfig.cmake
[50.575s] -- Installing: /mnt/d/ROS2/ros2_ws/install/turtlesim/share/turtlesim/cmake/export_turtlesim__rosidl_generator_cppExport.cmake
[50.624s] -- Installing: /mnt/d/ROS2/ros2_ws/install/turtlesim/share/turtlesim/cmake/export_turtlesim__rosidl_typesupport_fastrtps_cppExport.cmake
[50.679s] -- Installing: /mnt/d/ROS2/ros2_ws/install/turtlesim/share/turtlesim/cmake/export_turtlesim__rosidl_typesupport_fastrtps_cppExport-noconfig.cmake
[50.730s] -- Installing: /mnt/d/ROS2/ros2_ws/install/turtlesim/share/turtlesim/cmake/turtlesim__rosidl_typesupport_introspection_cExport.cmake
[50.777s] -- Installing: /mnt/d/ROS2/ros2_ws/install/turtlesim/share/turtlesim/cmake/turtlesim__rosidl_typesupport_introspection_cExport-noconfig.cmake
[50.813s] -- Installing: /mnt/d/ROS2/ros2_ws/install/turtlesim/share/turtlesim/cmake/turtlesim__rosidl_typesupport_cExport.cmake
[50.858s] -- Installing: /mnt/d/ROS2/ros2_ws/install/turtlesim/share/turtlesim/cmake/turtlesim__rosidl_typesupport_cExport-noconfig.cmake
[50.914s] -- Installing: /mnt/d/ROS2/ros2_ws/install/turtlesim/share/turtlesim/cmake/turtlesim__rosidl_typesupport_introspection_cppExport.cmake
[50.976s] -- Installing: /mnt/d/ROS2/ros2_ws/install/turtlesim/share/turtlesim/cmake/turtlesim__rosidl_typesupport_introspection_cppExport-noconfig.cmake
[51.036s] -- Installing: /mnt/d/ROS2/ros2_ws/install/turtlesim/share/turtlesim/cmake/turtlesim__rosidl_typesupport_cppExport.cmake
[51.094s] -- Installing: /mnt/d/ROS2/ros2_ws/install/turtlesim/share/turtlesim/cmake/turtlesim__rosidl_typesupport_cppExport-noconfig.cmake
[51.153s] -- Installing: /mnt/d/ROS2/ros2_ws/install/turtlesim/share/turtlesim/cmake/export_turtlesim__rosidl_generator_pyExport.cmake
[51.198s] -- Installing: /mnt/d/ROS2/ros2_ws/install/turtlesim/share/turtlesim/cmake/export_turtlesim__rosidl_generator_pyExport-noconfig.cmake
[51.243s] -- Installing: /mnt/d/ROS2/ros2_ws/install/turtlesim/share/turtlesim/cmake/rosidl_cmake-extras.cmake
[51.276s] -- Installing: /mnt/d/ROS2/ros2_ws/install/turtlesim/share/turtlesim/cmake/ament_cmake_export_dependencies-extras.cmake
[51.332s] -- Installing: /mnt/d/ROS2/ros2_ws/install/turtlesim/share/turtlesim/cmake/ament_cmake_export_include_directories-extras.cmake
[51.484s] -- Installing: /mnt/d/ROS2/ros2_ws/install/turtlesim/share/turtlesim/cmake/ament_cmake_export_libraries-extras.cmake
[51.540s] -- Installing: /mnt/d/ROS2/ros2_ws/install/turtlesim/share/turtlesim/cmake/ament_cmake_export_targets-extras.cmake
[51.603s] -- Installing: /mnt/d/ROS2/ros2_ws/install/turtlesim/share/turtlesim/cmake/rosidl_cmake_export_typesupport_targets-extras.cmake
[51.656s] -- Installing: /mnt/d/ROS2/ros2_ws/install/turtlesim/share/turtlesim/cmake/rosidl_cmake_export_typesupport_libraries-extras.cmake
[51.719s] -- Installing: /mnt/d/ROS2/ros2_ws/install/turtlesim/share/turtlesim/cmake/turtlesimConfig.cmake
[51.767s] -- Installing: /mnt/d/ROS2/ros2_ws/install/turtlesim/share/turtlesim/cmake/turtlesimConfig-version.cmake
[51.800s] -- Installing: /mnt/d/ROS2/ros2_ws/install/turtlesim/share/turtlesim/package.xml
[51.844s] Invoked command in '/mnt/d/ROS2/ros2_ws/build/turtlesim' returned '0': CMAKE_PREFIX_PATH=${CMAKE_PREFIX_PATH}:/opt/ros/jazzy /usr/bin/cmake --install /mnt/d/ROS2/ros2_ws/build/turtlesim
