[0.060s] Invoking command in '/mnt/d/ROS2/ros2_ws/build/p603_description': CMAKE_PREFIX_PATH=${CMAKE_PREFIX_PATH}:/opt/ros/jazzy /usr/bin/cmake /mnt/d/ROS2/ros2_ws/src/p603_description -DCMAKE_INSTALL_PREFIX=/mnt/d/ROS2/ros2_ws/install/p603_description
[0.341s] -- The C compiler identification is GNU 13.3.0
[0.841s] -- The CXX compiler identification is GNU 13.3.0
[1.180s] -- Detecting C compiler ABI info
[1.747s] -- Detecting C compiler ABI info - done
[1.767s] -- Check for working C compiler: /usr/bin/cc - skipped
[1.769s] -- Detecting C compile features
[1.769s] -- Detecting C compile features - done
[1.874s] -- Detecting CXX compiler ABI info
[2.495s] -- Detecting CXX compiler ABI info - done
[2.517s] -- Check for working CXX compiler: /usr/bin/c++ - skipped
[2.518s] -- Detecting CXX compile features
[2.519s] -- Detecting CXX compile features - done
[2.581s] -- Found ament_cmake: 2.5.5 (/opt/ros/jazzy/share/ament_cmake/cmake)
[2.701s] -- Found Python3: /usr/bin/python3 (found version "3.12.3") found components: Interpreter 
[3.026s] -- Found ament_lint_auto: 0.17.4 (/opt/ros/jazzy/share/ament_lint_auto/cmake)
[3.640s] -- Added test 'flake8' to check Python code syntax and style conventions
[3.719s] -- Configured 'flake8' exclude dirs and/or files: 
[3.791s] -- Added test 'lint_cmake' to check CMake code style
[3.828s] -- Added test 'pep257' to check Python code against some of the docstring style conventions in PEP 257
[4.143s] -- Added test 'xmllint' to check XML markup files
[4.230s] -- Configuring done (4.2s)
[4.423s] -- Generating done (0.2s)
[4.542s] -- Build files have been written to: /mnt/d/ROS2/ros2_ws/build/p603_description
[4.545s] Invoked command in '/mnt/d/ROS2/ros2_ws/build/p603_description' returned '0': CMAKE_PREFIX_PATH=${CMAKE_PREFIX_PATH}:/opt/ros/jazzy /usr/bin/cmake /mnt/d/ROS2/ros2_ws/src/p603_description -DCMAKE_INSTALL_PREFIX=/mnt/d/ROS2/ros2_ws/install/p603_description
[4.548s] Invoking command in '/mnt/d/ROS2/ros2_ws/build/p603_description': CMAKE_PREFIX_PATH=${CMAKE_PREFIX_PATH}:/opt/ros/jazzy /usr/bin/cmake --build /mnt/d/ROS2/ros2_ws/build/p603_description -- -j20 -l20
[4.614s] Invoked command in '/mnt/d/ROS2/ros2_ws/build/p603_description' returned '0': CMAKE_PREFIX_PATH=${CMAKE_PREFIX_PATH}:/opt/ros/jazzy /usr/bin/cmake --build /mnt/d/ROS2/ros2_ws/build/p603_description -- -j20 -l20
[4.625s] Invoking command in '/mnt/d/ROS2/ros2_ws/build/p603_description': CMAKE_PREFIX_PATH=${CMAKE_PREFIX_PATH}:/opt/ros/jazzy /usr/bin/cmake --install /mnt/d/ROS2/ros2_ws/build/p603_description
[4.634s] -- Install configuration: ""
[4.636s] -- Installing: /mnt/d/ROS2/ros2_ws/install/p603_description/share/p603_description/launch
[4.653s] -- Installing: /mnt/d/ROS2/ros2_ws/install/p603_description/share/p603_description/launch/display.launch.py
[4.693s] -- Installing: /mnt/d/ROS2/ros2_ws/install/p603_description/share/p603_description/urdf
[4.710s] -- Installing: /mnt/d/ROS2/ros2_ws/install/p603_description/share/p603_description/urdf/P603.urdf.xacro
[4.754s] -- Installing: /mnt/d/ROS2/ros2_ws/install/p603_description/share/p603_description/meshes
[4.772s] -- Installing: /mnt/d/ROS2/ros2_ws/install/p603_description/share/p603_description/meshes/P603V.dae
[4.859s] -- Installing: /mnt/d/ROS2/ros2_ws/install/p603_description/share/ament_index/resource_index/package_run_dependencies/p603_description
[4.924s] -- Installing: /mnt/d/ROS2/ros2_ws/install/p603_description/share/ament_index/resource_index/parent_prefix_path/p603_description
[4.971s] -- Installing: /mnt/d/ROS2/ros2_ws/install/p603_description/share/p603_description/environment/ament_prefix_path.sh
[5.135s] -- Installing: /mnt/d/ROS2/ros2_ws/install/p603_description/share/p603_description/environment/ament_prefix_path.dsv
[5.168s] -- Installing: /mnt/d/ROS2/ros2_ws/install/p603_description/share/p603_description/environment/path.sh
[5.199s] -- Installing: /mnt/d/ROS2/ros2_ws/install/p603_description/share/p603_description/environment/path.dsv
[5.236s] -- Installing: /mnt/d/ROS2/ros2_ws/install/p603_description/share/p603_description/local_setup.bash
[5.271s] -- Installing: /mnt/d/ROS2/ros2_ws/install/p603_description/share/p603_description/local_setup.sh
[5.317s] -- Installing: /mnt/d/ROS2/ros2_ws/install/p603_description/share/p603_description/local_setup.zsh
[5.363s] -- Installing: /mnt/d/ROS2/ros2_ws/install/p603_description/share/p603_description/local_setup.dsv
[5.428s] -- Installing: /mnt/d/ROS2/ros2_ws/install/p603_description/share/p603_description/package.dsv
[5.495s] -- Installing: /mnt/d/ROS2/ros2_ws/install/p603_description/share/ament_index/resource_index/packages/p603_description
[5.545s] -- Installing: /mnt/d/ROS2/ros2_ws/install/p603_description/share/p603_description/cmake/p603_descriptionConfig.cmake
[5.581s] -- Installing: /mnt/d/ROS2/ros2_ws/install/p603_description/share/p603_description/cmake/p603_descriptionConfig-version.cmake
[5.617s] -- Installing: /mnt/d/ROS2/ros2_ws/install/p603_description/share/p603_description/package.xml
[5.653s] Invoked command in '/mnt/d/ROS2/ros2_ws/build/p603_description' returned '0': CMAKE_PREFIX_PATH=${CMAKE_PREFIX_PATH}:/opt/ros/jazzy /usr/bin/cmake --install /mnt/d/ROS2/ros2_ws/build/p603_description
