[0.053s] Invoking command in '/mnt/d/ROS2/ros2_ws/build/cpp_pubsub': CMAKE_PREFIX_PATH=${CMAKE_PREFIX_PATH}:/opt/ros/jazzy /usr/bin/cmake /mnt/d/ROS2/ros2_ws/cpp_pubsub -DCMAKE_INSTALL_PREFIX=/mnt/d/ROS2/ros2_ws/install/cpp_pubsub
[0.363s] -- The C compiler identification is GNU 13.3.0
[0.854s] -- The CXX compiler identification is GNU 13.3.0
[1.278s] -- Detecting C compiler ABI info
[1.837s] -- Detecting C compiler ABI info - done
[1.856s] -- Check for working C compiler: /usr/bin/cc - skipped
[1.857s] -- Detecting C compile features
[1.857s] -- Detecting C compile features - done
[1.942s] -- Detecting CXX compiler ABI info
[2.587s] -- Detecting CXX compiler ABI info - done
[2.605s] -- Check for working CXX compiler: /usr/bin/c++ - skipped
[2.606s] -- Detecting CXX compile features
[2.606s] -- Detecting CXX compile features - done
[2.639s] -- Found ament_cmake: 2.5.5 (/opt/ros/jazzy/share/ament_cmake/cmake)
[2.751s] -- Found Python3: /usr/bin/python3 (found version "3.12.3") found components: Interpreter 
[3.042s] -- Found ament_lint_auto: 0.17.4 (/opt/ros/jazzy/share/ament_lint_auto/cmake)
[3.474s] -- Added test 'lint_cmake' to check CMake code style
[3.597s] -- Added test 'xmllint' to check XML markup files
[3.775s] -- Configuring done (3.7s)
[3.979s] -- Generating done (0.2s)
[4.128s] -- Build files have been written to: /mnt/d/ROS2/ros2_ws/build/cpp_pubsub
[4.131s] Invoked command in '/mnt/d/ROS2/ros2_ws/build/cpp_pubsub' returned '0': CMAKE_PREFIX_PATH=${CMAKE_PREFIX_PATH}:/opt/ros/jazzy /usr/bin/cmake /mnt/d/ROS2/ros2_ws/cpp_pubsub -DCMAKE_INSTALL_PREFIX=/mnt/d/ROS2/ros2_ws/install/cpp_pubsub
[4.136s] Invoking command in '/mnt/d/ROS2/ros2_ws/build/cpp_pubsub': CMAKE_PREFIX_PATH=${CMAKE_PREFIX_PATH}:/opt/ros/jazzy /usr/bin/cmake --build /mnt/d/ROS2/ros2_ws/build/cpp_pubsub -- -j20 -l20
[4.202s] Invoked command in '/mnt/d/ROS2/ros2_ws/build/cpp_pubsub' returned '0': CMAKE_PREFIX_PATH=${CMAKE_PREFIX_PATH}:/opt/ros/jazzy /usr/bin/cmake --build /mnt/d/ROS2/ros2_ws/build/cpp_pubsub -- -j20 -l20
[4.216s] Invoking command in '/mnt/d/ROS2/ros2_ws/build/cpp_pubsub': CMAKE_PREFIX_PATH=${CMAKE_PREFIX_PATH}:/opt/ros/jazzy /usr/bin/cmake --install /mnt/d/ROS2/ros2_ws/build/cpp_pubsub
[4.224s] -- Install configuration: ""
[4.248s] -- Installing: /mnt/d/ROS2/ros2_ws/install/cpp_pubsub/share/ament_index/resource_index/package_run_dependencies/cpp_pubsub
[4.315s] -- Installing: /mnt/d/ROS2/ros2_ws/install/cpp_pubsub/share/ament_index/resource_index/parent_prefix_path/cpp_pubsub
[4.368s] -- Installing: /mnt/d/ROS2/ros2_ws/install/cpp_pubsub/share/cpp_pubsub/environment/ament_prefix_path.sh
[4.416s] -- Installing: /mnt/d/ROS2/ros2_ws/install/cpp_pubsub/share/cpp_pubsub/environment/ament_prefix_path.dsv
[4.470s] -- Installing: /mnt/d/ROS2/ros2_ws/install/cpp_pubsub/share/cpp_pubsub/environment/path.sh
[4.518s] -- Installing: /mnt/d/ROS2/ros2_ws/install/cpp_pubsub/share/cpp_pubsub/environment/path.dsv
[4.556s] -- Installing: /mnt/d/ROS2/ros2_ws/install/cpp_pubsub/share/cpp_pubsub/local_setup.bash
[4.589s] -- Installing: /mnt/d/ROS2/ros2_ws/install/cpp_pubsub/share/cpp_pubsub/local_setup.sh
[4.623s] -- Installing: /mnt/d/ROS2/ros2_ws/install/cpp_pubsub/share/cpp_pubsub/local_setup.zsh
[4.660s] -- Installing: /mnt/d/ROS2/ros2_ws/install/cpp_pubsub/share/cpp_pubsub/local_setup.dsv
[4.695s] -- Installing: /mnt/d/ROS2/ros2_ws/install/cpp_pubsub/share/cpp_pubsub/package.dsv
[4.743s] -- Installing: /mnt/d/ROS2/ros2_ws/install/cpp_pubsub/share/ament_index/resource_index/packages/cpp_pubsub
[4.799s] -- Installing: /mnt/d/ROS2/ros2_ws/install/cpp_pubsub/share/cpp_pubsub/cmake/cpp_pubsubConfig.cmake
[4.834s] -- Installing: /mnt/d/ROS2/ros2_ws/install/cpp_pubsub/share/cpp_pubsub/cmake/cpp_pubsubConfig-version.cmake
[4.871s] -- Installing: /mnt/d/ROS2/ros2_ws/install/cpp_pubsub/share/cpp_pubsub/package.xml
[4.902s] Invoked command in '/mnt/d/ROS2/ros2_ws/build/cpp_pubsub' returned '0': CMAKE_PREFIX_PATH=${CMAKE_PREFIX_PATH}:/opt/ros/jazzy /usr/bin/cmake --install /mnt/d/ROS2/ros2_ws/build/cpp_pubsub
